#-----------------------------------------------------------
# Vivado v2020.2 (64-bit)
# SW Build 3064766 on Wed Nov 18 09:12:45 MST 2020
# IP Build 3064653 on Wed Nov 18 14:17:31 MST 2020
# Start of session at: Tue Mar  9 20:16:22 2021
# Process ID: 980
# Current directory: C:/Users/Jakub/Desktop/Skola/VUT/druhak/2/DE1/Cp/Digital-electronics-1/Labs/04-segment/display
# Command line: vivado.exe -gui_launcher_event rodinguilauncherevent4868 C:\Users\Jakub\Desktop\Skola\VUT\druhak\2\DE1\Cp\Digital-electronics-1\Labs\04-segment\display\display.xpr
# Log file: C:/Users/Jakub/Desktop/Skola/VUT/druhak/2/DE1/Cp/Digital-electronics-1/Labs/04-segment/display/vivado.log
# Journal file: C:/Users/Jakub/Desktop/Skola/VUT/druhak/2/DE1/Cp/Digital-electronics-1/Labs/04-segment/display\vivado.jou
#-----------------------------------------------------------
start_gui
open_project C:/Users/Jakub/Desktop/Skola/VUT/druhak/2/DE1/Cp/Digital-electronics-1/Labs/04-segment/display/display.xpr
INFO: [ProjectBase 1-489] The host OS only allows 260 characters in a normal path. The project is stored in a path with more than 80 characters. If you experience issues with IP, Block Designs, or files not being found, please consider moving the project to a location with a shorter path. Alternately consider using the OS subst command to map part of the path to a drive letter.
Current project path is 'C:/Users/Jakub/Desktop/Skola/VUT/druhak/2/DE1/Cp/Digital-electronics-1/Labs/04-segment/display'
WARNING: [filemgmt 56-3] Default IP Output Path : Could not find the directory 'C:/Users/Jakub/Desktop/Skola/VUT/druhak/2/DE1/Cp/Digital-electronics-1/Labs/04-segment/display/display.gen/sources_1'.
Scanning sources...
Finished scanning sources
INFO: [IP_Flow 19-234] Refreshing IP repositories
INFO: [IP_Flow 19-1704] No user IP repositories specified
INFO: [IP_Flow 19-2313] Loaded Vivado IP repository 'D:/APPZ/Vivado/2020.2/data/ip'.
update_compile_order -fileset sources_1
launch_simulation
Command: launch_simulation 
INFO: [Vivado 12-5682] Launching behavioral simulation in 'C:/Users/Jakub/Desktop/Skola/VUT/druhak/2/DE1/Cp/Digital-electronics-1/Labs/04-segment/display/display.sim/sim_1/behav/xsim'
INFO: [SIM-utils-51] Simulation object is 'sim_1'
INFO: [SIM-utils-54] Inspecting design source files for 'tb_hex_7seg' in fileset 'sim_1'...
INFO: [USF-XSim-97] Finding global include files...
INFO: [USF-XSim-98] Fetching design files from 'sim_1'...
INFO: [USF-XSim-2] XSim::Compile design
INFO: [USF-XSim-61] Executing 'COMPILE and ANALYZE' step in 'C:/Users/Jakub/Desktop/Skola/VUT/druhak/2/DE1/Cp/Digital-electronics-1/Labs/04-segment/display/display.sim/sim_1/behav/xsim'
"xvhdl --incr --relax -prj tb_hex_7seg_vhdl.prj"
INFO: [USF-XSim-69] 'compile' step finished in '2' seconds
INFO: [USF-XSim-3] XSim::Elaborate design
INFO: [USF-XSim-61] Executing 'ELABORATE' step in 'C:/Users/Jakub/Desktop/Skola/VUT/druhak/2/DE1/Cp/Digital-electronics-1/Labs/04-segment/display/display.sim/sim_1/behav/xsim'
"xelab -wto d8f0776be0404d8f993d1b761693921a --incr --debug typical --relax --mt 2 -L xil_defaultlib -L secureip --snapshot tb_hex_7seg_behav xil_defaultlib.tb_hex_7seg -log elaborate.log"
Vivado Simulator 2020.2
Copyright 1986-1999, 2001-2020 Xilinx, Inc. All Rights Reserved.
Running: D:/APPZ/Vivado/2020.2/bin/unwrapped/win64.o/xelab.exe -wto d8f0776be0404d8f993d1b761693921a --incr --debug typical --relax --mt 2 -L xil_defaultlib -L secureip --snapshot tb_hex_7seg_behav xil_defaultlib.tb_hex_7seg -log elaborate.log 
Using 2 slave threads.
Starting static elaboration
Completed static elaboration
INFO: [XSIM 43-4323] No Change in HDL. Linking previously generated obj files to create kernel
INFO: [USF-XSim-69] 'elaborate' step finished in '2' seconds
INFO: [USF-XSim-4] XSim::Simulate design
INFO: [USF-XSim-61] Executing 'SIMULATE' step in 'C:/Users/Jakub/Desktop/Skola/VUT/druhak/2/DE1/Cp/Digital-electronics-1/Labs/04-segment/display/display.sim/sim_1/behav/xsim'
INFO: [USF-XSim-98] *** Running xsim
   with args "tb_hex_7seg_behav -key {Behavioral:sim_1:Functional:tb_hex_7seg} -tclbatch {tb_hex_7seg.tcl} -log {simulate.log}"
INFO: [USF-XSim-8] Loading simulator feature
Vivado Simulator 2020.2
Time resolution is 1 ps
source tb_hex_7seg.tcl
# set curr_wave [current_wave_config]
# if { [string length $curr_wave] == 0 } {
#   if { [llength [get_objects]] > 0} {
#     add_wave /
#     set_property needs_save false [current_wave_config]
#   } else {
#      send_msg_id Add_Wave-1 WARNING "No top level signals found. Simulator will start without a wave window. If you want to open a wave window go to 'File->New Waveform Configuration' or type 'create_wave_config' in the TCL console."
#   }
# }
# run 1000ns
Note: Stimulus process started
Time: 0 ps  Iteration: 0  Process: /tb_hex_7seg/p_stimulus  File: C:/Users/Jakub/Desktop/Skola/VUT/druhak/2/DE1/Cp/Digital-electronics-1/Labs/04-segment/display/display.srcs/sim_1/new/tb_hex_7seg.vhd
Note: Stimulus process finished
Time: 800 ns  Iteration: 0  Process: /tb_hex_7seg/p_stimulus  File: C:/Users/Jakub/Desktop/Skola/VUT/druhak/2/DE1/Cp/Digital-electronics-1/Labs/04-segment/display/display.srcs/sim_1/new/tb_hex_7seg.vhd
INFO: [USF-XSim-96] XSim completed. Design snapshot 'tb_hex_7seg_behav' loaded.
INFO: [USF-XSim-97] XSim simulation ran for 1000ns
launch_simulation: Time (s): cpu = 00:00:07 ; elapsed = 00:00:06 . Memory (MB): peak = 1002.512 ; gain = 0.000
close_sim
INFO: [Simtcl 6-16] Simulation closed
close [ open C:/Users/Jakub/Desktop/Skola/VUT/druhak/2/DE1/Cp/Digital-electronics-1/Labs/04-segment/display/display.srcs/sources_1/new/top.vhd w ]
add_files C:/Users/Jakub/Desktop/Skola/VUT/druhak/2/DE1/Cp/Digital-electronics-1/Labs/04-segment/display/display.srcs/sources_1/new/top.vhd
update_compile_order -fileset sources_1
exit
INFO: [Common 17-206] Exiting Vivado at Tue Mar  9 21:49:05 2021...
