#-----------------------------------------------------------
# Vivado v2020.2 (64-bit)
# SW Build 3064766 on Wed Nov 18 09:12:45 MST 2020
# IP Build 3064653 on Wed Nov 18 14:17:31 MST 2020
# Start of session at: Tue Mar  9 22:59:56 2021
# Process ID: 6136
# Current directory: C:/Users/Jakub/Desktop/Skola/VUT/druhak/2/DE1/Cp/Digital-electronics-1/Labs/04-segment/display
# Command line: vivado.exe -gui_launcher_event rodinguilauncherevent7644 C:\Users\Jakub\Desktop\Skola\VUT\druhak\2\DE1\Cp\Digital-electronics-1\Labs\04-segment\display\display.xpr
# Log file: C:/Users/Jakub/Desktop/Skola/VUT/druhak/2/DE1/Cp/Digital-electronics-1/Labs/04-segment/display/vivado.log
# Journal file: C:/Users/Jakub/Desktop/Skola/VUT/druhak/2/DE1/Cp/Digital-electronics-1/Labs/04-segment/display\vivado.jou
#-----------------------------------------------------------
start_gui
open_project C:/Users/Jakub/Desktop/Skola/VUT/druhak/2/DE1/Cp/Digital-electronics-1/Labs/04-segment/display/display.xpr
INFO: [ProjectBase 1-489] The host OS only allows 260 characters in a normal path. The project is stored in a path with more than 80 characters. If you experience issues with IP, Block Designs, or files not being found, please consider moving the project to a location with a shorter path. Alternately consider using the OS subst command to map part of the path to a drive letter.
Current project path is 'C:/Users/Jakub/Desktop/Skola/VUT/druhak/2/DE1/Cp/Digital-electronics-1/Labs/04-segment/display'
WARNING: [filemgmt 56-3] Default IP Output Path : Could not find the directory 'C:/Users/Jakub/Desktop/Skola/VUT/druhak/2/DE1/Cp/Digital-electronics-1/Labs/04-segment/display/display.gen/sources_1'.
Scanning sources...
Finished scanning sources
INFO: [IP_Flow 19-234] Refreshing IP repositories
INFO: [IP_Flow 19-1704] No user IP repositories specified
INFO: [IP_Flow 19-2313] Loaded Vivado IP repository 'D:/APPZ/Vivado/2020.2/data/ip'.
open_project: Time (s): cpu = 00:00:11 ; elapsed = 00:00:07 . Memory (MB): peak = 1253.770 ; gain = 0.000
update_compile_order -fileset sources_1
set_property SOURCE_SET sources_1 [get_filesets sim_1]
close [ open C:/Users/Jakub/Desktop/Skola/VUT/druhak/2/DE1/Cp/Digital-electronics-1/Labs/04-segment/display/display.srcs/sim_1/new/tb_top.vhd w ]
add_files -fileset sim_1 C:/Users/Jakub/Desktop/Skola/VUT/druhak/2/DE1/Cp/Digital-electronics-1/Labs/04-segment/display/display.srcs/sim_1/new/tb_top.vhd
update_compile_order -fileset sim_1
set_property top tb_top [get_filesets sim_1]
set_property top_lib xil_defaultlib [get_filesets sim_1]
update_compile_order -fileset sim_1
exit
