#
# A fatal error has been detected by the Java Runtime Environment:
#
#  EXCEPTION_ACCESS_VIOLATION (0xc0000005) at pc=0x00007ffc29131148, pid=11696, tid=996
#
# JRE version: OpenJDK Runtime Environment (11.0.2+9) (build 11.0.2+9)
# Java VM: OpenJDK 64-Bit Server VM (11.0.2+9, mixed mode, tiered, compressed oops, g1 gc, windows-amd64)
# Problematic frame:
# C  0x00007ffc29131148
#
# No core dump will be written. Minidumps are not enabled by default on client versions of Windows
#
# If you would like to submit a bug report, please visit:
#   http://bugreport.java.com/bugreport/crash.jsp
# The crash happened outside the Java Virtual Machine in native code.
# See problematic frame for where to report the bug.
#

---------------  S U M M A R Y ------------

Command Line: -Dsun.java2d.pmoffscreen=false -Dhttps.protocols=TLSv1,TLSv1.1,TLSv1.2 -Dsun.java2d.xrender=false -Dsun.java2d.d3d=false -Dsun.awt.nopixfmt=true -Dsun.java2d.dpiaware=true -Dsun.java2d.uiScale.enabled=false -Xverify:none -Dswing.aatext=true -XX:-UsePerfData -Djdk.map.althashing.threshold=512 -XX:StringTableSize=4072 --add-opens=java.base/java.nio=ALL-UNNAMED --add-opens=java.desktop/sun.swing=ALL-UNNAMED --add-opens=java.desktop/javax.swing=ALL-UNNAMED --add-opens=java.desktop/javax.swing.tree=ALL-UNNAMED --add-opens=java.desktop/javax.swing.plaf.basic=ALL-UNNAMED --add-opens=java.desktop/javax.swing.plaf.synth=ALL-UNNAMED --add-opens=java.desktop/com.sun.awt=ALL-UNNAMED -XX:NewSize=60m -XX:MaxNewSize=60m -Xms128m -Xmx3072m -Xss5m 

Host: AMD Ryzen 3 2200G with Radeon Vega Graphics    , 4 cores, 6G,  Windows 10 , 64 bit Build 19041 (10.0.19041.804)
Time: Tue Mar 16 20:52:41 2021 Støední Evropa (bìžný èas) elapsed time: 1325 seconds (0d 0h 22m 5s)

---------------  T H R E A D  ---------------

Current thread (0x0000017c02b79800):  JavaThread "AWT-EventQueue-0" [_thread_in_native, id=996, stack(0x0000002712300000,0x0000002712800000)]

Stack: [0x0000002712300000,0x0000002712800000],  sp=0x00000027127fa390,  free space=5096k
Native frames: (J=compiled Java code, j=interpreted, Vv=VM code, C=native code)
C  0x00007ffc29131148
C  0x00007ffc293426d7
C  0x00007ffc2933c297
C  0x00007ffc2933bd51
C  0x00007ffc29345a78
C  0x00007ffc29344c70
C  0x00007ffc293450d6
C  0x00007ffc29373f5f
C  0x0000017c0c2ff0b7

Java frames: (J=compiled Java code, j=interpreted, Vv=VM code)
j  ui.views.waveform.waveformi.WVExecutive_setPrefsMessage(JLjava/lang/String;)V+0
j  ui.views.waveform.executive.a.apI(Ljava/lang/String;)V+5
j  ui.views.waveform.a.kkg()V+128
j  ui.views.waveform.f.actionPerformed(Ljava/awt/event/ActionEvent;)V+4
J 16898 c1 javax.swing.JComboBox.fireActionEvent()V java.desktop@11.0.2 (156 bytes) @ 0x0000017c0ee3817c [0x0000017c0ee37360+0x0000000000000e1c]
J 15173 c1 javax.swing.JComboBox.setSelectedItem(Ljava/lang/Object;)V java.desktop@11.0.2 (148 bytes) @ 0x0000017c0ea1e56c [0x0000017c0ea1da80+0x0000000000000aec]
J 17040 c1 ui.utils.swing.e.e.setSelectedItem(Ljava/lang/Object;)V (42 bytes) @ 0x0000017c0eeb48fc [0x0000017c0eeb42a0+0x000000000000065c]
j  javax.swing.JComboBox.setSelectedIndex(I)V+58 java.desktop@11.0.2
j  javax.swing.plaf.basic.BasicComboPopup$Handler.mouseReleased(Ljava/awt/event/MouseEvent;)V+97 java.desktop@11.0.2
J 19054 c1 java.awt.AWTEventMulticaster.mouseReleased(Ljava/awt/event/MouseEvent;)V java.desktop@11.0.2 (27 bytes) @ 0x0000017c0e319704 [0x0000017c0e319300+0x0000000000000404]
J 19054 c1 java.awt.AWTEventMulticaster.mouseReleased(Ljava/awt/event/MouseEvent;)V java.desktop@11.0.2 (27 bytes) @ 0x0000017c0e31952c [0x0000017c0e319300+0x000000000000022c]
J 14952 c1 java.awt.Component.processMouseEvent(Ljava/awt/event/MouseEvent;)V java.desktop@11.0.2 (100 bytes) @ 0x0000017c0e98b4bc [0x0000017c0e98b040+0x000000000000047c]
J 14951 c1 javax.swing.JComponent.processMouseEvent(Ljava/awt/event/MouseEvent;)V java.desktop@11.0.2 (27 bytes) @ 0x0000017c0e98ab74 [0x0000017c0e98a960+0x0000000000000214]
j  javax.swing.plaf.basic.BasicComboPopup$1.processMouseEvent(Ljava/awt/event/MouseEvent;)V+93 java.desktop@11.0.2
J 16649 c2 java.awt.Container.processEvent(Ljava/awt/AWTEvent;)V java.desktop@11.0.2 (22 bytes) @ 0x0000017c14cc8b10 [0x0000017c14cc8860+0x00000000000002b0]
J 16629 c2 java.awt.Component.dispatchEventImpl(Ljava/awt/AWTEvent;)V java.desktop@11.0.2 (777 bytes) @ 0x0000017c14cbf248 [0x0000017c14cbea20+0x0000000000000828]
J 18075 c2 java.awt.Container.dispatchEventImpl(Ljava/awt/AWTEvent;)V java.desktop@11.0.2 (129 bytes) @ 0x0000017c14a3d498 [0x0000017c14a3d440+0x0000000000000058]
J 15760 c2 java.awt.LightweightDispatcher.retargetMouseEvent(Ljava/awt/Component;ILjava/awt/event/MouseEvent;)V java.desktop@11.0.2 (372 bytes) @ 0x0000017c14b638c8 [0x0000017c14b63300+0x00000000000005c8]
J 15962 c2 java.awt.LightweightDispatcher.processMouseEvent(Ljava/awt/event/MouseEvent;)Z java.desktop@11.0.2 (265 bytes) @ 0x0000017c14bdeecc [0x0000017c14bde7a0+0x000000000000072c]
J 18075 c2 java.awt.Container.dispatchEventImpl(Ljava/awt/AWTEvent;)V java.desktop@11.0.2 (129 bytes) @ 0x0000017c14a3d75c [0x0000017c14a3d440+0x000000000000031c]
J 16956 c2 java.awt.Window.dispatchEventImpl(Ljava/awt/AWTEvent;)V java.desktop@11.0.2 (23 bytes) @ 0x0000017c14d2f58c [0x0000017c14d2f540+0x000000000000004c]
J 13463 c2 java.awt.EventQueue$4.run()Ljava/lang/Object; java.desktop@11.0.2 (5 bytes) @ 0x0000017c14711db0 [0x0000017c14711c60+0x0000000000000150]
v  ~StubRoutines::call_stub
J 4256  java.security.AccessController.doPrivileged(Ljava/security/PrivilegedAction;Ljava/security/AccessControlContext;)Ljava/lang/Object; java.base@11.0.2 (0 bytes) @ 0x0000017c13fdf636 [0x0000017c13fdf5c0+0x0000000000000076]
J 14904 c2 java.awt.EventQueue$5.run()Ljava/lang/Object; java.desktop@11.0.2 (5 bytes) @ 0x0000017c14971274 [0x0000017c14971000+0x0000000000000274]
v  ~StubRoutines::call_stub
J 4256  java.security.AccessController.doPrivileged(Ljava/security/PrivilegedAction;Ljava/security/AccessControlContext;)Ljava/lang/Object; java.base@11.0.2 (0 bytes) @ 0x0000017c13fdf636 [0x0000017c13fdf5c0+0x0000000000000076]
J 13435 c2 java.awt.EventQueue.dispatchEvent(Ljava/awt/AWTEvent;)V java.desktop@11.0.2 (80 bytes) @ 0x0000017c147016cc [0x0000017c14701140+0x000000000000058c]
J 13436 c2 ui.frmwork.a.d.dispatchEvent(Ljava/awt/AWTEvent;)V (42 bytes) @ 0x0000017c147023d4 [0x0000017c147022e0+0x00000000000000f4]
J 18688 c2 java.awt.EventDispatchThread.pumpOneEventForFilters(I)V java.desktop@11.0.2 (113 bytes) @ 0x0000017c14e15d50 [0x0000017c14e15aa0+0x00000000000002b0]
J 17037% c1 java.awt.EventDispatchThread.pumpEventsForFilter(ILjava/awt/Conditional;Ljava/awt/EventFilter;)V java.desktop@11.0.2 (47 bytes) @ 0x0000017c0eeb2174 [0x0000017c0eeb1e20+0x0000000000000354]
j  java.awt.EventDispatchThread.pumpEventsForHierarchy(ILjava/awt/Conditional;Ljava/awt/Component;)V+11 java.desktop@11.0.2
j  java.awt.EventDispatchThread.pumpEvents(ILjava/awt/Conditional;)V+4 java.desktop@11.0.2
j  java.awt.EventDispatchThread.pumpEvents(Ljava/awt/Conditional;)V+3 java.desktop@11.0.2
j  java.awt.EventDispatchThread.run()V+9 java.desktop@11.0.2
v  ~StubRoutines::call_stub

siginfo: EXCEPTION_ACCESS_VIOLATION (0xc0000005), reading address 0x0000000000000000


Register to memory mapping:

RIP=0x00007ffc29131148 points into unknown readable memory: 42 38 1c 32 75 f7 48 8b
RAX=0x0 is NULL
RBX=0x0 is NULL
RCX=0x00000027127fa430 is pointing into the stack for thread: 0x0000017c02b79800
RDX=0x0 is NULL
RSP=0x00000027127fa390 is pointing into the stack for thread: 0x0000017c02b79800
RBP=0x00000027127fa500 is pointing into the stack for thread: 0x0000017c02b79800
RSI=0x00000027127fa430 is pointing into the stack for thread: 0x0000017c02b79800
RDI=0x00000027127fa5d8 is pointing into the stack for thread: 0x0000017c02b79800
R8 =0x0 is NULL
R9 =0x00000027127fa460 is pointing into the stack for thread: 0x0000017c02b79800
R10=0x00000027127fa440 is pointing into the stack for thread: 0x0000017c02b79800
R11=0x1f137eeddf067fe4 is an unknown value
R12=0x00000027127faca8 is pointing into the stack for thread: 0x0000017c02b79800
R13=0x00007ffc29695a08 points into unknown readable memory: a0 98 3e 2f 7c 01 00 00
R14=0x0 is NULL
R15=0x0 is NULL


Registers:
RAX=0x0000000000000000, RBX=0x0000000000000000, RCX=0x00000027127fa430, RDX=0x0000000000000000
RSP=0x00000027127fa390, RBP=0x00000027127fa500, RSI=0x00000027127fa430, RDI=0x00000027127fa5d8
R8 =0x0000000000000000, R9 =0x00000027127fa460, R10=0x00000027127fa440, R11=0x1f137eeddf067fe4
R12=0x00000027127faca8, R13=0x00007ffc29695a08, R14=0x0000000000000000, R15=0x0000000000000000
RIP=0x00007ffc29131148, EFLAGS=0x0000000000010256

Top of Stack: (sp=0x00000027127fa390)
0x00000027127fa390:   0000000000000001 00000027127fa438
0x00000027127fa3a0:   00000027127fa520 00007ffc97eac97b
0x00000027127fa3b0:   fffffffffffffffe 00000027127fa3d8
0x00000027127fa3c0:   00000027127fa6a0 00000027127fa6a0
0x00000027127fa3d0:   0000017c27acf980 00007ffc294ebc88
0x00000027127fa3e0:   00000027127faca8 00000027127fa5d8
0x00000027127fa3f0:   00007ffc29679f18 00007ffc293426d7
0x00000027127fa400:   00000027127fa430 00000027127fa6a0
0x00000027127fa410:   00007ffc00000000 0000017c00000000
0x00000027127fa420:   0000002700000002 fffffffffffffffe
0x00000027127fa430:   00007ffc294ebc90 00007ffc294ebc08
0x00000027127fa440:   0000000000000000 0000000000000000
0x00000027127fa450:   00000027127fa440 00000027127fa448
0x00000027127fa460:   0000000000000000 0000000000000000
0x00000027127fa470:   00000027127fa460 00000027127fa468
0x00000027127fa480:   0000000000000000 00000027127fa480 

Instructions: (pc=0x00007ffc29131148)
0x00007ffc29131128:   ff ff 48 89 5c 24 78 4c 8b fa 48 8b f1 33 db 89
0x00007ffc29131138:   9c 24 80 00 00 00 49 c7 c6 ff ff ff ff 49 ff c6
0x00007ffc29131148:   42 38 1c 32 75 f7 48 8b 09 48 63 41 04 48 8b 7c
0x00007ffc29131158:   30 28 48 85 ff 7e 0a 49 3b fe 7e 05 49 2b fe eb 


Stack slot to memory mapping:
stack at sp + 0 slots: 0x0000000000000001 is an unknown value
stack at sp + 1 slots: 0x00000027127fa438 is pointing into the stack for thread: 0x0000017c02b79800
stack at sp + 2 slots: 0x00000027127fa520 is pointing into the stack for thread: 0x0000017c02b79800
stack at sp + 3 slots: 0x00007ffc97eac97b MSVCP140.dll
stack at sp + 4 slots: 0xfffffffffffffffe is an unknown value
stack at sp + 5 slots: 0x00000027127fa3d8 is pointing into the stack for thread: 0x0000017c02b79800
stack at sp + 6 slots: 0x00000027127fa6a0 is pointing into the stack for thread: 0x0000017c02b79800
stack at sp + 7 slots: 0x00000027127fa6a0 is pointing into the stack for thread: 0x0000017c02b79800


---------------  P R O C E S S  ---------------

Threads class SMR info:
_java_thread_list=0x0000017c248ec390, length=38, elements={
0x0000017c6fc99800, 0x0000017c6f11c800, 0x0000017c6f11d000, 0x0000017c6dcfb800,
0x0000017c6fc54800, 0x0000017c6fc55000, 0x0000017c6c265800, 0x0000017c6c266800,
0x0000017c6fb0c800, 0x0000017c6fb0d000, 0x0000017c01e82000, 0x0000017c4fa5c000,
0x0000017c7063c800, 0x0000017c02b78800, 0x0000017c02b79800, 0x0000017c02197800,
0x0000017c70d38000, 0x0000017c24010800, 0x0000017c02c36800, 0x0000017c02c39000,
0x0000017c02c33000, 0x0000017c02c39800, 0x0000017c02c34000, 0x0000017c2ace0000,
0x0000017c2acdf800, 0x0000017c2ace3800, 0x0000017c2ace5000, 0x0000017c2ace4000,
0x0000017c2ace6000, 0x0000017c2ace1000, 0x0000017c2acea000, 0x0000017c2ace7800,
0x0000017c2ace1800, 0x0000017c2ace8800, 0x0000017c2ace2800, 0x0000017c2acee000,
0x0000017c2aceb800, 0x0000017c02c34800
}

Java Threads: ( => current thread )
  0x0000017c6fc99800 JavaThread "main" [_thread_blocked, id=6472, stack(0x000000270dd00000,0x000000270de00000)]
  0x0000017c6f11c800 JavaThread "Reference Handler" daemon [_thread_blocked, id=11516, stack(0x000000270e400000,0x000000270e900000)]
  0x0000017c6f11d000 JavaThread "Finalizer" daemon [_thread_blocked, id=9148, stack(0x000000270e900000,0x000000270ee00000)]
  0x0000017c6dcfb800 JavaThread "Signal Dispatcher" daemon [_thread_blocked, id=11548, stack(0x000000270ee00000,0x000000270f300000)]
  0x0000017c6fc54800 JavaThread "Attach Listener" daemon [_thread_blocked, id=9488, stack(0x000000270f300000,0x000000270f800000)]
  0x0000017c6fc55000 JavaThread "C2 CompilerThread0" daemon [_thread_blocked, id=11020, stack(0x000000270f800000,0x000000270f900000)]
  0x0000017c6c265800 JavaThread "C1 CompilerThread0" daemon [_thread_blocked, id=8428, stack(0x000000270f900000,0x000000270fa00000)]
  0x0000017c6c266800 JavaThread "Sweeper thread" daemon [_thread_blocked, id=11756, stack(0x000000270fa00000,0x000000270ff00000)]
  0x0000017c6fb0c800 JavaThread "Common-Cleaner" daemon [_thread_blocked, id=5792, stack(0x000000270ff00000,0x0000002710400000)]
  0x0000017c6fb0d000 JavaThread "Service Thread" daemon [_thread_blocked, id=6284, stack(0x0000002710400000,0x0000002710900000)]
  0x0000017c01e82000 JavaThread "Java2D Disposer" daemon [_thread_blocked, id=6888, stack(0x0000002710a00000,0x0000002710f00000)]
  0x0000017c4fa5c000 JavaThread "AWT-Windows" daemon [_thread_in_native, id=12708, stack(0x0000002711400000,0x0000002711900000)]
  0x0000017c7063c800 JavaThread "TimerQueue" daemon [_thread_blocked, id=5200, stack(0x0000002710f00000,0x0000002711400000)]
  0x0000017c02b78800 JavaThread "AWT-Shutdown" [_thread_blocked, id=11336, stack(0x0000002711e00000,0x0000002712300000)]
=>0x0000017c02b79800 JavaThread "AWT-EventQueue-0" [_thread_in_native, id=996, stack(0x0000002712300000,0x0000002712800000)]
  0x0000017c02197800 JavaThread "Thread-1" [_thread_in_native, id=3656, stack(0x000000270c600000,0x000000270da00000)]
  0x0000017c70d38000 JavaThread "Process Messages Thread" [_thread_blocked, id=7464, stack(0x0000002713100000,0x0000002713600000)]
  0x0000017c24010800 JavaThread "Batik CleanerThread" daemon [_thread_blocked, id=8512, stack(0x0000002712800000,0x0000002712d00000)]
  0x0000017c02c36800 JavaThread "SyntheticaCleanerThread" daemon [_thread_blocked, id=1256, stack(0x0000002714100000,0x0000002714600000)]
  0x0000017c02c39000 JavaThread "Monitor HEventQueue Thread" [_thread_blocked, id=12800, stack(0x0000002714900000,0x0000002714e00000)]
  0x0000017c02c33000 JavaThread "SyntheticaAnimation 50" daemon [_thread_blocked, id=8536, stack(0x0000002714e00000,0x0000002715300000)]
  0x0000017c02c39800 JavaThread "SyntheticaAnimation 25" daemon [_thread_blocked, id=11180, stack(0x0000002713b00000,0x0000002714000000)]
  0x0000017c02c34000 JavaThread "SyntheticaAnimation 70" daemon [_thread_blocked, id=10292, stack(0x0000002715800000,0x0000002715d00000)]
  0x0000017c2ace0000 JavaThread "Refresh Filesets Swing Worker Thread" [_thread_blocked, id=2708, stack(0x0000002711900000,0x0000002711e00000)]
  0x0000017c2acdf800 JavaThread "hw_ila_monitor" [_thread_blocked, id=972, stack(0x0000002713600000,0x0000002713b00000)]
  0x0000017c2ace3800 JavaThread "pool-1-thread-1" [_thread_blocked, id=5760, stack(0x0000002716700000,0x0000002716c00000)]
  0x0000017c2ace5000 JavaThread "pool-2-thread-1" [_thread_blocked, id=3980, stack(0x0000002716c00000,0x0000002717100000)]
  0x0000017c2ace4000 JavaThread "pool-3-thread-1" [_thread_blocked, id=11832, stack(0x0000002717100000,0x0000002717600000)]
  0x0000017c2ace6000 JavaThread "Update Runs Swing Worker Thread" [_thread_blocked, id=5464, stack(0x0000002717600000,0x0000002717b00000)]
  0x0000017c2ace1000 JavaThread "SyntheticaAnimation 50" daemon [_thread_blocked, id=7000, stack(0x0000002718100000,0x0000002718600000)]
  0x0000017c2acea000 JavaThread "Image Animator 3" daemon [_thread_blocked, id=12332, stack(0x0000002718b00000,0x0000002719000000)]
  0x0000017c2ace7800 JavaThread "Timer-4" [_thread_blocked, id=2864, stack(0x0000002715d00000,0x0000002716200000)]
  0x0000017c2ace1800 JavaThread "Monitor File Timestamp Swing Worker Thread" [_thread_blocked, id=12660, stack(0x0000002716200000,0x0000002716700000)]
  0x0000017c2ace8800 JavaThread "Timer-5" [_thread_blocked, id=13048, stack(0x0000002717b00000,0x0000002718000000)]
  0x0000017c2ace2800 JavaThread "Monitor File Timestamp Swing Worker Thread" [_thread_blocked, id=8012, stack(0x0000002718600000,0x0000002718b00000)]
  0x0000017c2acee000 JavaThread "Timer-6" [_thread_blocked, id=6280, stack(0x0000002719000000,0x0000002719500000)]
  0x0000017c2aceb800 JavaThread "Monitor File Timestamp Swing Worker Thread" [_thread_blocked, id=7304, stack(0x0000002719500000,0x0000002719a00000)]
  0x0000017c02c34800 JavaThread "SyntheticaAnimation 50" daemon [_thread_blocked, id=11708, stack(0x0000002715300000,0x0000002715800000)]

Other Threads:
  0x0000017c50b8c800 VMThread "VM Thread" [stack: 0x000000270e300000,0x000000270e400000] [id=12780]
  0x0000017c6f94c800 WatcherThread [stack: 0x0000002710900000,0x0000002710a00000] [id=8020]
  0x0000017c6f609800 GCTaskThread "GC Thread#0" [stack: 0x000000270de00000,0x000000270df00000] [id=8320]
  0x0000017c02ab9800 GCTaskThread "GC Thread#1" [stack: 0x0000002712d00000,0x0000002712e00000] [id=7976]
  0x0000017c02aba000 GCTaskThread "GC Thread#2" [stack: 0x0000002712e00000,0x0000002712f00000] [id=9628]
  0x0000017c02abb000 GCTaskThread "GC Thread#3" [stack: 0x0000002712f00000,0x0000002713000000] [id=12716]
  0x0000017c52ff3800 ConcurrentGCThread "G1 Main Marker" [stack: 0x000000270df00000,0x000000270e000000] [id=12220]
  0x0000017c6fd65800 ConcurrentGCThread "G1 Conc#0" [stack: 0x000000270e000000,0x000000270e100000] [id=5536]
  0x0000017c6f0f7800 ConcurrentGCThread "G1 Refine#0" [stack: 0x000000270e100000,0x000000270e200000] [id=11224]
  0x0000017c70d37000 ConcurrentGCThread "G1 Refine#1" [stack: 0x0000002713000000,0x0000002713100000] [id=9716]
  0x0000017c23c68000 ConcurrentGCThread "G1 Refine#2" [stack: 0x0000002714000000,0x0000002714100000] [id=6212]
  0x0000017c6c169800 ConcurrentGCThread "G1 Young RemSet Sampling" [stack: 0x000000270e200000,0x000000270e300000] [id=8996]

Threads with active compile tasks:

VM state:not at safepoint (normal execution)

VM Mutex/Monitor currently owned by a thread: None

Heap address: 0x0000000740000000, size: 3072 MB, Compressed Oops mode: Zero based, Oop shift amount: 3
Narrow klass base: 0x0000000800000000, Narrow klass shift: 0
Compressed class space size: 1073741824 Address: 0x0000000800000000

Heap:
 garbage-first heap   total 156672K, used 89311K [0x0000000740000000, 0x0000000800000000)
  region size 1024K, 3 young (3072K), 0 survivors (0K)
 Metaspace       used 92487K, capacity 94992K, committed 95184K, reserved 1130496K
  class space    used 12814K, capacity 13925K, committed 13952K, reserved 1048576K
Heap Regions: E=young(eden), S=young(survivor), O=old, HS=humongous(starts), HC=humongous(continues), CS=collection set, F=free, A=archive, TAMS=top-at-mark-start (previous, next)
|   0|0x0000000740000000, 0x0000000740100000, 0x0000000740100000|100%|HS|  |TAMS 0x0000000740000000, 0x0000000740000000| Untracked 
|   1|0x0000000740100000, 0x0000000740200000, 0x0000000740200000|100%|HC|  |TAMS 0x0000000740100000, 0x0000000740100000| Untracked 
|   2|0x0000000740200000, 0x0000000740300000, 0x0000000740300000|100%|HS|  |TAMS 0x0000000740200000, 0x0000000740200000| Untracked 
|   3|0x0000000740300000, 0x0000000740400000, 0x0000000740400000|100%| O|  |TAMS 0x0000000740300000, 0x0000000740300000| Untracked 
|   4|0x0000000740400000, 0x00000007404fffe8, 0x0000000740500000| 99%| O|  |TAMS 0x0000000740400000, 0x0000000740400000| Untracked 
|   5|0x0000000740500000, 0x00000007405ff298, 0x0000000740600000| 99%| O|  |TAMS 0x0000000740500000, 0x0000000740500000| Untracked 
|   6|0x0000000740600000, 0x00000007406fdf30, 0x0000000740700000| 99%| O|  |TAMS 0x0000000740600000, 0x0000000740600000| Untracked 
|   7|0x0000000740700000, 0x00000007407fe758, 0x0000000740800000| 99%| O|  |TAMS 0x0000000740700000, 0x0000000740700000| Untracked 
|   8|0x0000000740800000, 0x0000000740900000, 0x0000000740900000|100%| O|  |TAMS 0x0000000740800000, 0x0000000740800000| Untracked 
|   9|0x0000000740900000, 0x00000007409ffff8, 0x0000000740a00000| 99%| O|  |TAMS 0x0000000740900000, 0x0000000740900000| Untracked 
|  10|0x0000000740a00000, 0x0000000740afffe8, 0x0000000740b00000| 99%| O|  |TAMS 0x0000000740a00000, 0x0000000740a00000| Untracked 
|  11|0x0000000740b00000, 0x0000000740bf7048, 0x0000000740c00000| 96%| O|  |TAMS 0x0000000740b00000, 0x0000000740b00000| Untracked 
|  12|0x0000000740c00000, 0x0000000740cfb0e0, 0x0000000740d00000| 98%| O|  |TAMS 0x0000000740c00000, 0x0000000740c00000| Untracked 
|  13|0x0000000740d00000, 0x0000000740dfffe8, 0x0000000740e00000| 99%| O|  |TAMS 0x0000000740d00000, 0x0000000740d00000| Untracked 
|  14|0x0000000740e00000, 0x0000000740ef8520, 0x0000000740f00000| 97%| O|  |TAMS 0x0000000740e00000, 0x0000000740e00000| Untracked 
|  15|0x0000000740f00000, 0x0000000740fffff0, 0x0000000741000000| 99%| O|  |TAMS 0x0000000740f00000, 0x0000000740f00000| Untracked 
|  16|0x0000000741000000, 0x00000007410ffff8, 0x0000000741100000| 99%| O|  |TAMS 0x0000000741000000, 0x0000000741000000| Untracked 
|  17|0x0000000741100000, 0x00000007411fffd8, 0x0000000741200000| 99%| O|  |TAMS 0x0000000741100000, 0x0000000741100000| Untracked 
|  18|0x0000000741200000, 0x00000007412ffe68, 0x0000000741300000| 99%| O|  |TAMS 0x0000000741200000, 0x0000000741200000| Untracked 
|  19|0x0000000741300000, 0x00000007413ffff0, 0x0000000741400000| 99%| O|  |TAMS 0x0000000741300000, 0x0000000741300000| Untracked 
|  20|0x0000000741400000, 0x00000007414fffd0, 0x0000000741500000| 99%| O|  |TAMS 0x0000000741400000, 0x0000000741400000| Untracked 
|  21|0x0000000741500000, 0x00000007415fffe8, 0x0000000741600000| 99%| O|  |TAMS 0x0000000741500000, 0x0000000741500000| Untracked 
|  22|0x0000000741600000, 0x0000000741700000, 0x0000000741700000|100%| O|  |TAMS 0x0000000741600000, 0x0000000741600000| Untracked 
|  23|0x0000000741700000, 0x0000000741800000, 0x0000000741800000|100%| O|  |TAMS 0x0000000741700000, 0x0000000741700000| Untracked 
|  24|0x0000000741800000, 0x0000000741900000, 0x0000000741900000|100%| O|  |TAMS 0x0000000741800000, 0x0000000741800000| Untracked 
|  25|0x0000000741900000, 0x00000007419fffd8, 0x0000000741a00000| 99%| O|  |TAMS 0x0000000741900000, 0x0000000741900000| Untracked 
|  26|0x0000000741a00000, 0x0000000741affff0, 0x0000000741b00000| 99%| O|  |TAMS 0x0000000741a00000, 0x0000000741a00000| Untracked 
|  27|0x0000000741b00000, 0x0000000741c00000, 0x0000000741c00000|100%| O|  |TAMS 0x0000000741b00000, 0x0000000741b00000| Untracked 
|  28|0x0000000741c00000, 0x0000000741cffff8, 0x0000000741d00000| 99%| O|  |TAMS 0x0000000741c00000, 0x0000000741c00000| Untracked 
|  29|0x0000000741d00000, 0x0000000741e00000, 0x0000000741e00000|100%| O|  |TAMS 0x0000000741d00000, 0x0000000741d00000| Untracked 
|  30|0x0000000741e00000, 0x0000000741efffd8, 0x0000000741f00000| 99%| O|  |TAMS 0x0000000741e00000, 0x0000000741e00000| Untracked 
|  31|0x0000000741f00000, 0x0000000741ffffe8, 0x0000000742000000| 99%| O|  |TAMS 0x0000000741f00000, 0x0000000741f00000| Untracked 
|  32|0x0000000742000000, 0x0000000742100000, 0x0000000742100000|100%| O|  |TAMS 0x0000000742000000, 0x0000000742000000| Untracked 
|  33|0x0000000742100000, 0x0000000742200000, 0x0000000742200000|100%| O|  |TAMS 0x0000000742100000, 0x0000000742100000| Untracked 
|  34|0x0000000742200000, 0x00000007422fffd0, 0x0000000742300000| 99%| O|  |TAMS 0x0000000742200000, 0x0000000742200000| Untracked 
|  35|0x0000000742300000, 0x00000007423fff18, 0x0000000742400000| 99%| O|  |TAMS 0x0000000742300000, 0x0000000742300000| Untracked 
|  36|0x0000000742400000, 0x0000000742500000, 0x0000000742500000|100%| O|  |TAMS 0x0000000742400000, 0x0000000742400000| Untracked 
|  37|0x0000000742500000, 0x0000000742600000, 0x0000000742600000|100%|HS|  |TAMS 0x0000000742500000, 0x0000000742500000| Untracked 
|  38|0x0000000742600000, 0x0000000742700000, 0x0000000742700000|100%|HC|  |TAMS 0x0000000742600000, 0x0000000742600000| Untracked 
|  39|0x0000000742700000, 0x0000000742800000, 0x0000000742800000|100%|HC|  |TAMS 0x0000000742700000, 0x0000000742700000| Untracked 
|  40|0x0000000742800000, 0x0000000742900000, 0x0000000742900000|100%|HC|  |TAMS 0x0000000742800000, 0x0000000742800000| Untracked 
|  41|0x0000000742900000, 0x0000000742a00000, 0x0000000742a00000|100%|HC|  |TAMS 0x0000000742900000, 0x0000000742900000| Untracked 
|  42|0x0000000742a00000, 0x0000000742affff8, 0x0000000742b00000| 99%| O|  |TAMS 0x0000000742a00000, 0x0000000742a00000| Untracked 
|  43|0x0000000742b00000, 0x0000000742bffff8, 0x0000000742c00000| 99%| O|  |TAMS 0x0000000742b00000, 0x0000000742b00000| Untracked 
|  44|0x0000000742c00000, 0x0000000742cffb20, 0x0000000742d00000| 99%| O|  |TAMS 0x0000000742c00000, 0x0000000742c00000| Untracked 
|  45|0x0000000742d00000, 0x0000000742dfffe8, 0x0000000742e00000| 99%| O|  |TAMS 0x0000000742d00000, 0x0000000742d00000| Untracked 
|  46|0x0000000742e00000, 0x0000000742f00000, 0x0000000742f00000|100%| O|  |TAMS 0x0000000742e00000, 0x0000000742e00000| Untracked 
|  47|0x0000000742f00000, 0x0000000742ffffc8, 0x0000000743000000| 99%| O|  |TAMS 0x0000000742f00000, 0x0000000742f00000| Untracked 
|  48|0x0000000743000000, 0x00000007430fffd8, 0x0000000743100000| 99%| O|  |TAMS 0x0000000743000000, 0x0000000743000000| Untracked 
|  49|0x0000000743100000, 0x00000007431fffd8, 0x0000000743200000| 99%| O|  |TAMS 0x0000000743100000, 0x0000000743100000| Untracked 
|  50|0x0000000743200000, 0x00000007432fffe0, 0x0000000743300000| 99%| O|  |TAMS 0x0000000743200000, 0x0000000743200000| Untracked 
|  51|0x0000000743300000, 0x00000007433ffeb0, 0x0000000743400000| 99%| O|  |TAMS 0x0000000743300000, 0x0000000743300000| Untracked 
|  52|0x0000000743400000, 0x00000007434ffff0, 0x0000000743500000| 99%| O|  |TAMS 0x0000000743400000, 0x0000000743400000| Untracked 
|  53|0x0000000743500000, 0x00000007435ffe28, 0x0000000743600000| 99%| O|  |TAMS 0x0000000743500000, 0x0000000743500000| Untracked 
|  54|0x0000000743600000, 0x00000007436fffe0, 0x0000000743700000| 99%| O|  |TAMS 0x0000000743600000, 0x0000000743600000| Untracked 
|  55|0x0000000743700000, 0x00000007437fffd8, 0x0000000743800000| 99%| O|  |TAMS 0x0000000743700000, 0x0000000743700000| Untracked 
|  56|0x0000000743800000, 0x00000007438ffff0, 0x0000000743900000| 99%| O|  |TAMS 0x0000000743800000, 0x0000000743800000| Untracked 
|  57|0x0000000743900000, 0x00000007439ff6d0, 0x0000000743a00000| 99%| O|  |TAMS 0x0000000743900000, 0x0000000743900000| Untracked 
|  58|0x0000000743a00000, 0x0000000743b00000, 0x0000000743b00000|100%| O|  |TAMS 0x0000000743a00000, 0x0000000743a00000| Untracked 
|  59|0x0000000743b00000, 0x0000000743bffff0, 0x0000000743c00000| 99%| O|  |TAMS 0x0000000743b00000, 0x0000000743b00000| Untracked 
|  60|0x0000000743c00000, 0x0000000743cffff0, 0x0000000743d00000| 99%| O|  |TAMS 0x0000000743c00000, 0x0000000743c00000| Untracked 
|  61|0x0000000743d00000, 0x0000000743dffff0, 0x0000000743e00000| 99%| O|  |TAMS 0x0000000743d00000, 0x0000000743d00000| Untracked 
|  62|0x0000000743e00000, 0x0000000743efffe0, 0x0000000743f00000| 99%| O|  |TAMS 0x0000000743e00000, 0x0000000743e00000| Untracked 
|  63|0x0000000743f00000, 0x0000000743fffc38, 0x0000000744000000| 99%| O|  |TAMS 0x0000000743f00000, 0x0000000743f00000| Untracked 
|  64|0x0000000744000000, 0x00000007440ffff0, 0x0000000744100000| 99%| O|  |TAMS 0x0000000744000000, 0x0000000744000000| Untracked 
|  65|0x0000000744100000, 0x00000007441ffff0, 0x0000000744200000| 99%| O|  |TAMS 0x0000000744100000, 0x0000000744100000| Untracked 
|  66|0x0000000744200000, 0x0000000744300000, 0x0000000744300000|100%| O|  |TAMS 0x0000000744200000, 0x0000000744200000| Untracked 
|  67|0x0000000744300000, 0x00000007443ffff8, 0x0000000744400000| 99%| O|  |TAMS 0x0000000744300000, 0x0000000744300000| Untracked 
|  68|0x0000000744400000, 0x0000000744500000, 0x0000000744500000|100%| O|  |TAMS 0x0000000744400000, 0x0000000744400000| Untracked 
|  69|0x0000000744500000, 0x00000007445fffe0, 0x0000000744600000| 99%| O|  |TAMS 0x0000000744500000, 0x0000000744500000| Untracked 
|  70|0x0000000744600000, 0x00000007446ffff8, 0x0000000744700000| 99%| O|  |TAMS 0x0000000744600000, 0x0000000744600000| Untracked 
|  71|0x0000000744700000, 0x0000000744800000, 0x0000000744800000|100%| O|  |TAMS 0x0000000744700000, 0x0000000744700000| Untracked 
|  72|0x0000000744800000, 0x00000007448fffe0, 0x0000000744900000| 99%| O|  |TAMS 0x0000000744800000, 0x0000000744800000| Untracked 
|  73|0x0000000744900000, 0x0000000744a00000, 0x0000000744a00000|100%| O|  |TAMS 0x0000000744900000, 0x0000000744900000| Untracked 
|  74|0x0000000744a00000, 0x0000000744affff0, 0x0000000744b00000| 99%| O|  |TAMS 0x0000000744a00000, 0x0000000744a00000| Untracked 
|  75|0x0000000744b00000, 0x0000000744bfffe8, 0x0000000744c00000| 99%| O|  |TAMS 0x0000000744b00000, 0x0000000744b00000| Untracked 
|  76|0x0000000744c00000, 0x0000000744cffff0, 0x0000000744d00000| 99%| O|  |TAMS 0x0000000744c00000, 0x0000000744c00000| Untracked 
|  77|0x0000000744d00000, 0x0000000744dfffe8, 0x0000000744e00000| 99%| O|  |TAMS 0x0000000744d00000, 0x0000000744d00000| Untracked 
|  78|0x0000000744e00000, 0x0000000744efffe8, 0x0000000744f00000| 99%| O|  |TAMS 0x0000000744e00000, 0x0000000744e00000| Untracked 
|  79|0x0000000744f00000, 0x0000000745000000, 0x0000000745000000|100%| O|  |TAMS 0x0000000744f00000, 0x0000000744f00000| Untracked 
|  80|0x0000000745000000, 0x00000007450fffe8, 0x0000000745100000| 99%| O|  |TAMS 0x0000000745000000, 0x0000000745000000| Untracked 
|  81|0x0000000745100000, 0x00000007451f4610, 0x0000000745200000| 95%| O|  |TAMS 0x0000000745100000, 0x0000000745100000| Untracked 
|  82|0x0000000745200000, 0x0000000745253fb8, 0x0000000745300000| 32%| O|  |TAMS 0x0000000745200000, 0x0000000745200000| Untracked 
|  83|0x0000000745300000, 0x0000000745400000, 0x0000000745400000|100%|HS|  |TAMS 0x0000000745300000, 0x0000000745300000| Untracked 
|  84|0x0000000745400000, 0x0000000745500000, 0x0000000745500000|100%|HC|  |TAMS 0x0000000745400000, 0x0000000745400000| Untracked 
|  85|0x0000000745500000, 0x0000000745600000, 0x0000000745600000|100%|HC|  |TAMS 0x0000000745500000, 0x0000000745500000| Untracked 
|  86|0x0000000745600000, 0x0000000745600000, 0x0000000745700000|  0%| F|  |TAMS 0x0000000745600000, 0x0000000745600000| Untracked 
|  87|0x0000000745700000, 0x0000000745700000, 0x0000000745800000|  0%| F|  |TAMS 0x0000000745700000, 0x0000000745700000| Untracked 
|  88|0x0000000745800000, 0x0000000745800000, 0x0000000745900000|  0%| F|  |TAMS 0x0000000745800000, 0x0000000745800000| Untracked 
|  89|0x0000000745900000, 0x0000000745900000, 0x0000000745a00000|  0%| F|  |TAMS 0x0000000745900000, 0x0000000745900000| Untracked 
|  90|0x0000000745a00000, 0x0000000745a00000, 0x0000000745b00000|  0%| F|  |TAMS 0x0000000745a00000, 0x0000000745a00000| Untracked 
|  91|0x0000000745b00000, 0x0000000745b0b538, 0x0000000745c00000|  4%| O|  |TAMS 0x0000000745b00000, 0x0000000745b00000| Untracked 
|  92|0x0000000745c00000, 0x0000000745c00000, 0x0000000745d00000|  0%| F|  |TAMS 0x0000000745c00000, 0x0000000745c00000| Untracked 
|  93|0x0000000745d00000, 0x0000000745d00000, 0x0000000745e00000|  0%| F|  |TAMS 0x0000000745d00000, 0x0000000745d00000| Untracked 
|  94|0x0000000745e00000, 0x0000000745e00000, 0x0000000745f00000|  0%| F|  |TAMS 0x0000000745e00000, 0x0000000745e00000| Untracked 
|  95|0x0000000745f00000, 0x0000000745f00000, 0x0000000746000000|  0%| F|  |TAMS 0x0000000745f00000, 0x0000000745f00000| Untracked 
|  96|0x0000000746000000, 0x0000000746000000, 0x0000000746100000|  0%| F|  |TAMS 0x0000000746000000, 0x0000000746000000| Untracked 
|  97|0x0000000746100000, 0x0000000746100000, 0x0000000746200000|  0%| F|  |TAMS 0x0000000746100000, 0x0000000746100000| Untracked 
|  98|0x0000000746200000, 0x0000000746200000, 0x0000000746300000|  0%| F|  |TAMS 0x0000000746200000, 0x0000000746200000| Untracked 
|  99|0x0000000746300000, 0x0000000746300000, 0x0000000746400000|  0%| F|  |TAMS 0x0000000746300000, 0x0000000746300000| Untracked 
| 100|0x0000000746400000, 0x0000000746400000, 0x0000000746500000|  0%| F|  |TAMS 0x0000000746400000, 0x0000000746400000| Untracked 
| 101|0x0000000746500000, 0x0000000746500000, 0x0000000746600000|  0%| F|  |TAMS 0x0000000746500000, 0x0000000746500000| Untracked 
| 102|0x0000000746600000, 0x0000000746600000, 0x0000000746700000|  0%| F|  |TAMS 0x0000000746600000, 0x0000000746600000| Untracked 
| 103|0x0000000746700000, 0x0000000746700000, 0x0000000746800000|  0%| F|  |TAMS 0x0000000746700000, 0x0000000746700000| Untracked 
| 104|0x0000000746800000, 0x0000000746800000, 0x0000000746900000|  0%| F|  |TAMS 0x0000000746800000, 0x0000000746800000| Untracked 
| 105|0x0000000746900000, 0x0000000746900000, 0x0000000746a00000|  0%| F|  |TAMS 0x0000000746900000, 0x0000000746900000| Untracked 
| 106|0x0000000746a00000, 0x0000000746a00000, 0x0000000746b00000|  0%| F|  |TAMS 0x0000000746a00000, 0x0000000746a00000| Untracked 
| 107|0x0000000746b00000, 0x0000000746b00000, 0x0000000746c00000|  0%| F|  |TAMS 0x0000000746b00000, 0x0000000746b00000| Untracked 
| 108|0x0000000746c00000, 0x0000000746c00000, 0x0000000746d00000|  0%| F|  |TAMS 0x0000000746c00000, 0x0000000746c00000| Untracked 
| 109|0x0000000746d00000, 0x0000000746d00000, 0x0000000746e00000|  0%| F|  |TAMS 0x0000000746d00000, 0x0000000746d00000| Untracked 
| 110|0x0000000746e00000, 0x0000000746e00000, 0x0000000746f00000|  0%| F|  |TAMS 0x0000000746e00000, 0x0000000746e00000| Untracked 
| 111|0x0000000746f00000, 0x0000000746f00000, 0x0000000747000000|  0%| F|  |TAMS 0x0000000746f00000, 0x0000000746f00000| Untracked 
| 112|0x0000000747000000, 0x0000000747000000, 0x0000000747100000|  0%| F|  |TAMS 0x0000000747000000, 0x0000000747000000| Untracked 
| 113|0x0000000747100000, 0x0000000747100000, 0x0000000747200000|  0%| F|  |TAMS 0x0000000747100000, 0x0000000747100000| Untracked 
| 114|0x0000000747200000, 0x0000000747200000, 0x0000000747300000|  0%| F|  |TAMS 0x0000000747200000, 0x0000000747200000| Untracked 
| 115|0x0000000747300000, 0x0000000747300000, 0x0000000747400000|  0%| F|  |TAMS 0x0000000747300000, 0x0000000747300000| Untracked 
| 116|0x0000000747400000, 0x0000000747400000, 0x0000000747500000|  0%| F|  |TAMS 0x0000000747400000, 0x0000000747400000| Untracked 
| 117|0x0000000747500000, 0x0000000747500000, 0x0000000747600000|  0%| F|  |TAMS 0x0000000747500000, 0x0000000747500000| Untracked 
| 118|0x0000000747600000, 0x0000000747600000, 0x0000000747700000|  0%| F|  |TAMS 0x0000000747600000, 0x0000000747600000| Untracked 
| 119|0x0000000747700000, 0x0000000747700000, 0x0000000747800000|  0%| F|  |TAMS 0x0000000747700000, 0x0000000747700000| Untracked 
| 120|0x0000000747800000, 0x0000000747800000, 0x0000000747900000|  0%| F|  |TAMS 0x0000000747800000, 0x0000000747800000| Untracked 
| 121|0x0000000747900000, 0x0000000747900000, 0x0000000747a00000|  0%| F|  |TAMS 0x0000000747900000, 0x0000000747900000| Untracked 
| 122|0x0000000747a00000, 0x0000000747a00000, 0x0000000747b00000|  0%| F|  |TAMS 0x0000000747a00000, 0x0000000747a00000| Untracked 
| 123|0x0000000747b00000, 0x0000000747b00000, 0x0000000747c00000|  0%| F|  |TAMS 0x0000000747b00000, 0x0000000747b00000| Untracked 
| 124|0x0000000747c00000, 0x0000000747c00000, 0x0000000747d00000|  0%| F|  |TAMS 0x0000000747c00000, 0x0000000747c00000| Untracked 
| 125|0x0000000747d00000, 0x0000000747d00000, 0x0000000747e00000|  0%| F|  |TAMS 0x0000000747d00000, 0x0000000747d00000| Untracked 
| 126|0x0000000747e00000, 0x0000000747e00000, 0x0000000747f00000|  0%| F|  |TAMS 0x0000000747e00000, 0x0000000747e00000| Untracked 
| 127|0x0000000747f00000, 0x0000000747f00000, 0x0000000748000000|  0%| F|  |TAMS 0x0000000747f00000, 0x0000000747f00000| Untracked 
| 128|0x0000000748000000, 0x0000000748000000, 0x0000000748100000|  0%| F|  |TAMS 0x0000000748000000, 0x0000000748000000| Untracked 
| 129|0x0000000748100000, 0x0000000748100000, 0x0000000748200000|  0%| F|  |TAMS 0x0000000748100000, 0x0000000748100000| Untracked 
| 130|0x0000000748200000, 0x0000000748200000, 0x0000000748300000|  0%| F|  |TAMS 0x0000000748200000, 0x0000000748200000| Untracked 
| 131|0x0000000748300000, 0x0000000748300000, 0x0000000748400000|  0%| F|  |TAMS 0x0000000748300000, 0x0000000748300000| Untracked 
| 132|0x0000000748400000, 0x0000000748400000, 0x0000000748500000|  0%| F|  |TAMS 0x0000000748400000, 0x0000000748400000| Untracked 
| 133|0x0000000748500000, 0x0000000748500000, 0x0000000748600000|  0%| F|  |TAMS 0x0000000748500000, 0x0000000748500000| Untracked 
| 134|0x0000000748600000, 0x0000000748600000, 0x0000000748700000|  0%| F|  |TAMS 0x0000000748600000, 0x0000000748600000| Untracked 
| 135|0x0000000748700000, 0x0000000748700000, 0x0000000748800000|  0%| F|  |TAMS 0x0000000748700000, 0x0000000748700000| Untracked 
| 136|0x0000000748800000, 0x0000000748800000, 0x0000000748900000|  0%| F|  |TAMS 0x0000000748800000, 0x0000000748800000| Untracked 
| 137|0x0000000748900000, 0x0000000748900000, 0x0000000748a00000|  0%| F|  |TAMS 0x0000000748900000, 0x0000000748900000| Untracked 
| 138|0x0000000748a00000, 0x0000000748a00000, 0x0000000748b00000|  0%| F|  |TAMS 0x0000000748a00000, 0x0000000748a00000| Untracked 
| 139|0x0000000748b00000, 0x0000000748b00000, 0x0000000748c00000|  0%| F|  |TAMS 0x0000000748b00000, 0x0000000748b00000| Untracked 
| 140|0x0000000748c00000, 0x0000000748c00000, 0x0000000748d00000|  0%| F|  |TAMS 0x0000000748c00000, 0x0000000748c00000| Untracked 
| 141|0x0000000748d00000, 0x0000000748d00000, 0x0000000748e00000|  0%| F|  |TAMS 0x0000000748d00000, 0x0000000748d00000| Untracked 
| 142|0x0000000748e00000, 0x0000000748e00000, 0x0000000748f00000|  0%| F|  |TAMS 0x0000000748e00000, 0x0000000748e00000| Untracked 
| 143|0x0000000748f00000, 0x0000000748f00000, 0x0000000749000000|  0%| F|  |TAMS 0x0000000748f00000, 0x0000000748f00000| Untracked 
| 144|0x0000000749000000, 0x0000000749000000, 0x0000000749100000|  0%| F|  |TAMS 0x0000000749000000, 0x0000000749000000| Untracked 
| 145|0x0000000749100000, 0x0000000749100000, 0x0000000749200000|  0%| F|  |TAMS 0x0000000749100000, 0x0000000749100000| Untracked 
| 146|0x0000000749200000, 0x0000000749200000, 0x0000000749300000|  0%| F|  |TAMS 0x0000000749200000, 0x0000000749200000| Untracked 
| 147|0x0000000749300000, 0x0000000749300000, 0x0000000749400000|  0%| F|  |TAMS 0x0000000749300000, 0x0000000749300000| Untracked 
| 148|0x0000000749400000, 0x0000000749400000, 0x0000000749500000|  0%| F|  |TAMS 0x0000000749400000, 0x0000000749400000| Untracked 
| 149|0x0000000749500000, 0x0000000749500000, 0x0000000749600000|  0%| F|  |TAMS 0x0000000749500000, 0x0000000749500000| Untracked 
| 150|0x0000000749600000, 0x00000007496792b0, 0x0000000749700000| 47%| E|  |TAMS 0x0000000749600000, 0x0000000749600000| Complete 
| 151|0x0000000749700000, 0x0000000749800000, 0x0000000749800000|100%| E|CS|TAMS 0x0000000749700000, 0x0000000749700000| Complete 
| 152|0x0000000749800000, 0x0000000749900000, 0x0000000749900000|100%| E|CS|TAMS 0x0000000749800000, 0x0000000749800000| Complete 

Card table byte_map: [0x0000017c00c40000,0x0000017c01240000] _byte_map_base: 0x0000017bfd240000

Marking Bits (Prev, Next): (CMBitMap*) 0x0000017c6f58d790, (CMBitMap*) 0x0000017c6f58d758
 Prev Bits: [0x0000017c1e2f0000, 0x0000017c212f0000)
 Next Bits: [0x0000017c1b2f0000, 0x0000017c1e2f0000)

Polling page: 0x0000017c01d30000

Metaspace:

Usage:
  Non-class:     79.17 MB capacity,    77.81 MB ( 98%) used,     1.04 MB (  1%) free+waste,   331.44 KB ( <1%) overhead. 
      Class:     13.60 MB capacity,    12.51 MB ( 92%) used,   948.84 KB (  7%) free+waste,   161.63 KB (  1%) overhead. 
       Both:     92.77 MB capacity,    90.32 MB ( 97%) used,     1.96 MB (  2%) free+waste,   493.06 KB ( <1%) overhead. 

Virtual space:
  Non-class space:       80.00 MB reserved,      79.33 MB (>99%) committed 
      Class space:        1.00 GB reserved,      13.63 MB (  1%) committed 
             Both:        1.08 GB reserved,      92.95 MB (  8%) committed 

Chunk freelists:
   Non-Class:  4.63 KB
       Class:  0 bytes
        Both:  4.63 KB

CodeHeap 'non-profiled nmethods': size=120064Kb used=17330Kb max_used=17330Kb free=102733Kb
 bounds [0x0000017c13db0000, 0x0000017c14ea0000, 0x0000017c1b2f0000]
CodeHeap 'profiled nmethods': size=120000Kb used=36345Kb max_used=39065Kb free=83654Kb
 bounds [0x0000017c0c880000, 0x0000017c0ef10000, 0x0000017c13db0000]
CodeHeap 'non-nmethods': size=5696Kb used=1644Kb max_used=1695Kb free=4052Kb
 bounds [0x0000017c0c2f0000, 0x0000017c0c560000, 0x0000017c0c880000]
 total_blobs=27348 nmethods=15082 adapters=1098
 compilation: enabled
              stopped_count=0, restarted_count=0
 full_count=0

Compilation events (10 events):
Event: 1324.450 Thread 0x0000017c6c265800 19158       3       javax.swing.plaf.basic.BasicListUI$Handler::mouseMoved (1 bytes)
Event: 1324.450 Thread 0x0000017c6c265800 nmethod 19158 0x0000017c0da5c010 code [0x0000017c0da5c1c0, 0x0000017c0da5c318]
Event: 1324.545 Thread 0x0000017c6c265800 19159       3       javax.accessibility.AccessibleContext::firePropertyChange (43 bytes)
Event: 1324.547 Thread 0x0000017c6c265800 nmethod 19159 0x0000017c0e473910 code [0x0000017c0e473b60, 0x0000017c0e4747e0]
Event: 1324.706 Thread 0x0000017c6c265800 19160       3       javax.swing.event.ListSelectionEvent::<init> (22 bytes)
Event: 1324.706 Thread 0x0000017c6c265800 nmethod 19160 0x0000017c0e473210 code [0x0000017c0e4733e0, 0x0000017c0e473790]
Event: 1325.034 Thread 0x0000017c6c265800 19161       3       com.google.protobuf.Utf8::encodedLength (127 bytes)
Event: 1325.035 Thread 0x0000017c6c265800 nmethod 19161 0x0000017c0e471c90 code [0x0000017c0e471f60, 0x0000017c0e472d60]
Event: 1325.035 Thread 0x0000017c6c265800 19162       3       com.google.protobuf.Utf8$UnsafeProcessor::encodeUtf8 (612 bytes)
Event: 1325.038 Thread 0x0000017c6c265800 nmethod 19162 0x0000017c0e46cd90 code [0x0000017c0e46d360, 0x0000017c0e470880]

GC Heap History (10 events):
Event: 1298.912 GC heap before
{Heap before GC invocations=89 (full 6):
 garbage-first heap   total 156672K, used 99706K [0x0000000740000000, 0x0000000800000000)
  region size 1024K, 4 young (4096K), 1 survivors (1024K)
 Metaspace       used 92118K, capacity 94603K, committed 94928K, reserved 1130496K
  class space    used 12758K, capacity 13878K, committed 13952K, reserved 1048576K
}
Event: 1299.007 GC heap after
{Heap after GC invocations=90 (full 7):
 garbage-first heap   total 156672K, used 87083K [0x0000000740000000, 0x0000000800000000)
  region size 1024K, 0 young (0K), 0 survivors (0K)
 Metaspace       used 92118K, capacity 94603K, committed 94928K, reserved 1130496K
  class space    used 12758K, capacity 13878K, committed 13952K, reserved 1048576K
}
Event: 1299.051 GC heap before
{Heap before GC invocations=90 (full 7):
 garbage-first heap   total 156672K, used 89131K [0x0000000740000000, 0x0000000800000000)
  region size 1024K, 3 young (3072K), 0 survivors (0K)
 Metaspace       used 92137K, capacity 94603K, committed 94928K, reserved 1130496K
  class space    used 12758K, capacity 13878K, committed 13952K, reserved 1048576K
}
Event: 1299.053 GC heap after
{Heap after GC invocations=91 (full 7):
 garbage-first heap   total 156672K, used 87450K [0x0000000740000000, 0x0000000800000000)
  region size 1024K, 1 young (1024K), 1 survivors (1024K)
 Metaspace       used 92137K, capacity 94603K, committed 94928K, reserved 1130496K
  class space    used 12758K, capacity 13878K, committed 13952K, reserved 1048576K
}
Event: 1299.084 GC heap before
{Heap before GC invocations=91 (full 7):
 garbage-first heap   total 156672K, used 95642K [0x0000000740000000, 0x0000000800000000)
  region size 1024K, 4 young (4096K), 1 survivors (1024K)
 Metaspace       used 92140K, capacity 94603K, committed 94928K, reserved 1130496K
  class space    used 12758K, capacity 13878K, committed 13952K, reserved 1048576K
}
Event: 1299.177 GC heap after
{Heap after GC invocations=92 (full 8):
 garbage-first heap   total 156672K, used 87127K [0x0000000740000000, 0x0000000800000000)
  region size 1024K, 0 young (0K), 0 survivors (0K)
 Metaspace       used 92140K, capacity 94603K, committed 94928K, reserved 1130496K
  class space    used 12758K, capacity 13878K, committed 13952K, reserved 1048576K
}
Event: 1308.488 GC heap before
{Heap before GC invocations=92 (full 8):
 garbage-first heap   total 156672K, used 101463K [0x0000000740000000, 0x0000000800000000)
  region size 1024K, 15 young (15360K), 0 survivors (0K)
 Metaspace       used 92434K, capacity 94928K, committed 95184K, reserved 1130496K
  class space    used 12814K, capacity 13925K, committed 13952K, reserved 1048576K
}
Event: 1308.489 GC heap after
{Heap after GC invocations=93 (full 8):
 garbage-first heap   total 156672K, used 87453K [0x0000000740000000, 0x0000000800000000)
  region size 1024K, 1 young (1024K), 1 survivors (1024K)
 Metaspace       used 92434K, capacity 94928K, committed 95184K, reserved 1130496K
  class space    used 12814K, capacity 13925K, committed 13952K, reserved 1048576K
}
Event: 1321.831 GC heap before
{Heap before GC invocations=94 (full 8):
 garbage-first heap   total 156672K, used 107933K [0x0000000740000000, 0x0000000800000000)
  region size 1024K, 19 young (19456K), 1 survivors (1024K)
 Metaspace       used 92480K, capacity 94992K, committed 95184K, reserved 1130496K
  class space    used 12814K, capacity 13925K, committed 13952K, reserved 1048576K
}
Event: 1321.926 GC heap after
{Heap after GC invocations=95 (full 9):
 garbage-first heap   total 156672K, used 87263K [0x0000000740000000, 0x0000000800000000)
  region size 1024K, 0 young (0K), 0 survivors (0K)
 Metaspace       used 92480K, capacity 94992K, committed 95184K, reserved 1130496K
  class space    used 12814K, capacity 13925K, committed 13952K, reserved 1048576K
}

Deoptimization events (10 events):
Event: 1299.534 Thread 0x0000017c02b79800 Uncommon trap: reason=bimorphic_or_optimized_type_check action=maybe_recompile pc=0x0000017c14d6888c method=com.jidesoft.plaf.basic.BasicJideTabbedPaneUI.tabForCoordinate(Ljavax/swing/JTabbedPane;II)I @ 274 c2
Event: 1299.534 Thread 0x0000017c02b79800 Uncommon trap: reason=bimorphic_or_optimized_type_check action=maybe_recompile pc=0x0000017c14d6888c method=com.jidesoft.plaf.basic.BasicJideTabbedPaneUI.tabForCoordinate(Ljavax/swing/JTabbedPane;II)I @ 274 c2
Event: 1299.542 Thread 0x0000017c02b79800 Uncommon trap: reason=bimorphic_or_optimized_type_check action=maybe_recompile pc=0x0000017c14d6888c method=com.jidesoft.plaf.basic.BasicJideTabbedPaneUI.tabForCoordinate(Ljavax/swing/JTabbedPane;II)I @ 274 c2
Event: 1299.550 Thread 0x0000017c02b79800 Uncommon trap: reason=bimorphic_or_optimized_type_check action=maybe_recompile pc=0x0000017c14d6888c method=com.jidesoft.plaf.basic.BasicJideTabbedPaneUI.tabForCoordinate(Ljavax/swing/JTabbedPane;II)I @ 274 c2
Event: 1303.352 Thread 0x0000017c02b79800 Uncommon trap: reason=class_check action=maybe_recompile pc=0x0000017c14e75fe8 method=com.jidesoft.docking.DefaultDockingManager.handleEvent(Ljava/awt/AWTEvent;)Z @ 1511 c2
Event: 1303.357 Thread 0x0000017c02b79800 Uncommon trap: reason=class_check action=maybe_recompile pc=0x0000017c14e765e4 method=com.jidesoft.docking.DefaultDockingManager.handleEvent(Ljava/awt/AWTEvent;)Z @ 1057 c2
Event: 1303.357 Thread 0x0000017c02b79800 Uncommon trap: reason=class_check action=maybe_recompile pc=0x0000017c14e75fe8 method=com.jidesoft.docking.DefaultDockingManager.handleEvent(Ljava/awt/AWTEvent;)Z @ 1511 c2
Event: 1303.358 Thread 0x0000017c02b79800 Uncommon trap: reason=unstable_if action=reinterpret pc=0x0000017c14dc0de4 method=de.javasoft.plaf.synthetica.StyleFactory.getStyle(Ljavax/swing/JComponent;Ljavax/swing/plaf/synth/Region;Ljavax/swing/plaf/synth/SynthStyle;Z)Ljavax/swing/plaf/synth/SynthSt
Event: 1303.864 Thread 0x0000017c02b79800 Uncommon trap: reason=unstable_if action=reinterpret pc=0x0000017c14a5b934 method=sun.java2d.pipe.Region.getIntersection(Lsun/java2d/pipe/Region;)Lsun/java2d/pipe/Region; @ 15 c2
Event: 1311.438 Thread 0x0000017c02b79800 Uncommon trap: reason=unstable_if action=reinterpret pc=0x0000017c1442b7c4 method=sun.java2d.pipe.Region.getIntersection(Lsun/java2d/pipe/Region;)Lsun/java2d/pipe/Region; @ 15 c2

Classes redefined (0 events):
No events

Internal exceptions (10 events):
Event: 1303.356 Thread 0x0000017c02b79800 Exception <a 'java/lang/NoSuchMethodError'{0x000000074927ef38}: java.lang.invoke.DelegatingMethodHandle$Holder.reinvoke_L(Ljava/lang/Object;Ljava/lang/Object;Ljava/lang/Object;Ljava/lang/Object;ILjava/lang/Object;)Ljava/lang/Object;> (0x000000074927ef38) 
Event: 1303.356 Thread 0x0000017c02b79800 Exception <a 'java/lang/NoSuchMethodError'{0x00000007492895f8}: java.lang.invoke.Invokers$Holder.linkToTargetMethod(Ljava/lang/Object;Ljava/lang/Object;Ljava/lang/Object;ILjava/lang/Object;Ljava/lang/Object;)Ljava/lang/Object;> (0x00000007492895f8) thrown
Event: 1305.237 Thread 0x0000017c02b79800 Exception <a 'java/io/FileNotFoundException'{0x0000000748c62720}> (0x0000000748c62720) thrown at [t:/workspace/open/src/hotspot/share/prims/jni.cpp, line 615]
Event: 1305.257 Thread 0x0000017c02b79800 Exception <a 'java/io/FileNotFoundException'{0x0000000748c635c8}> (0x0000000748c635c8) thrown at [t:/workspace/open/src/hotspot/share/prims/jni.cpp, line 615]
Event: 1310.237 Thread 0x0000017c02b79800 Exception <a 'java/io/FileNotFoundException'{0x000000074962aae0}> (0x000000074962aae0) thrown at [t:/workspace/open/src/hotspot/share/prims/jni.cpp, line 615]
Event: 1310.258 Thread 0x0000017c02b79800 Exception <a 'java/io/FileNotFoundException'{0x000000074962b550}> (0x000000074962b550) thrown at [t:/workspace/open/src/hotspot/share/prims/jni.cpp, line 615]
Event: 1315.239 Thread 0x0000017c02b79800 Exception <a 'java/io/FileNotFoundException'{0x0000000749078638}> (0x0000000749078638) thrown at [t:/workspace/open/src/hotspot/share/prims/jni.cpp, line 615]
Event: 1315.259 Thread 0x0000017c02b79800 Exception <a 'java/io/FileNotFoundException'{0x00000007490790a8}> (0x00000007490790a8) thrown at [t:/workspace/open/src/hotspot/share/prims/jni.cpp, line 615]
Event: 1320.239 Thread 0x0000017c02b79800 Exception <a 'java/io/FileNotFoundException'{0x0000000748b5c4f0}> (0x0000000748b5c4f0) thrown at [t:/workspace/open/src/hotspot/share/prims/jni.cpp, line 615]
Event: 1320.259 Thread 0x0000017c02b79800 Exception <a 'java/io/FileNotFoundException'{0x0000000748b5cf60}> (0x0000000748b5cf60) thrown at [t:/workspace/open/src/hotspot/share/prims/jni.cpp, line 615]

Events (10 events):
Event: 1321.926 Executing VM operation: G1CollectFull done
Event: 1321.928 Thread 0x0000017c2acec800 Thread exited: 0x0000017c2acec800
Event: 1321.930 Executing VM operation: RevokeBias
Event: 1321.930 Executing VM operation: RevokeBias done
Event: 1322.475 Thread 0x0000017c2acec800 Thread added: 0x0000017c2acec800
Event: 1322.481 Thread 0x0000017c2acec800 Thread exited: 0x0000017c2acec800
Event: 1323.475 Thread 0x0000017c2acec800 Thread added: 0x0000017c2acec800
Event: 1323.483 Thread 0x0000017c2acec800 Thread exited: 0x0000017c2acec800
Event: 1324.476 Thread 0x0000017c2acec800 Thread added: 0x0000017c2acec800
Event: 1324.483 Thread 0x0000017c2acec800 Thread exited: 0x0000017c2acec800


Dynamic libraries:
0x00007ff765d10000 - 0x00007ff765d3f000 	D:\APPZ\Vivado\2020.2\bin\unwrapped\win64.o\vivado.exe
0x00007ffca8fb0000 - 0x00007ffca91a5000 	C:\WINDOWS\SYSTEM32\ntdll.dll
0x00007ffca77a0000 - 0x00007ffca785d000 	C:\WINDOWS\System32\KERNEL32.DLL
0x00007ffca6980000 - 0x00007ffca6c49000 	C:\WINDOWS\System32\KERNELBASE.dll
0x00007ffca6d00000 - 0x00007ffca6e00000 	C:\WINDOWS\System32\ucrtbase.dll
0x00007ffc97e60000 - 0x00007ffc97ef1000 	C:\WINDOWS\SYSTEM32\MSVCP140.dll
0x00007ffc97e40000 - 0x00007ffc97e59000 	C:\WINDOWS\SYSTEM32\VCRUNTIME140.dll
0x00007ffc978c0000 - 0x00007ffc978cc000 	C:\WINDOWS\SYSTEM32\VCRUNTIME140_1.dll
0x00007ffc88410000 - 0x00007ffc88423000 	D:\APPZ\Vivado\2020.2\lib\win64.o\libboost_signals.dll
0x00007ffc883f0000 - 0x00007ffc88408000 	D:\APPZ\Vivado\2020.2\lib\win64.o\librdi_commonmain.dll
0x00007ffca13b0000 - 0x00007ffca13b9000 	D:\APPZ\Vivado\2020.2\lib\win64.o\librdi_commonversion.dll
0x00007ffc86540000 - 0x00007ffc86562000 	D:\APPZ\Vivado\2020.2\lib\win64.o\libboost_filesystem.dll
0x00007ffca7a70000 - 0x00007ffca7b1c000 	C:\WINDOWS\System32\ADVAPI32.dll
0x00007ffca7930000 - 0x00007ffca79ce000 	C:\WINDOWS\System32\msvcrt.dll
0x00007ffca79d0000 - 0x00007ffca7a6c000 	C:\WINDOWS\System32\sechost.dll
0x00007ffca7030000 - 0x00007ffca715b000 	C:\WINDOWS\System32\RPCRT4.dll
0x0000000054e50000 - 0x0000000054f7b000 	D:\APPZ\Vivado\2020.2\lib\win64.o\tcl85t.dll
0x00007ffca87d0000 - 0x00007ffca8970000 	C:\WINDOWS\System32\USER32.dll
0x00007ffca6e00000 - 0x00007ffca6e22000 	C:\WINDOWS\System32\win32u.dll
0x00007ffca7160000 - 0x00007ffca718a000 	C:\WINDOWS\System32\GDI32.dll
0x00007ffca6f00000 - 0x00007ffca700b000 	C:\WINDOWS\System32\gdi32full.dll
0x00007ffca6e30000 - 0x00007ffca6ecd000 	C:\WINDOWS\System32\msvcp_win.dll
0x00007ffca8e90000 - 0x00007ffca8efb000 	C:\WINDOWS\System32\WS2_32.dll
0x00007ffc70c10000 - 0x00007ffc70da9000 	D:\APPZ\Vivado\2020.2\lib\win64.o\librdi_commonxillic.dll
0x00007ffca6ed0000 - 0x00007ffca6ef7000 	C:\WINDOWS\System32\bcrypt.dll
0x00007ffc9fcb0000 - 0x00007ffc9fcb9000 	D:\APPZ\Vivado\2020.2\lib\win64.o\libboost_system.dll
0x00007ffc69110000 - 0x00007ffc6a287000 	D:\APPZ\Vivado\2020.2\lib\win64.o\librdi_common.dll
0x00007ffca7c10000 - 0x00007ffca8352000 	C:\WINDOWS\System32\SHELL32.dll
0x00007ffc70930000 - 0x00007ffc70c0b000 	D:\APPZ\Vivado\2020.2\lib\win64.o\libXil_lmgr11.dll
0x00007ffca7190000 - 0x00007ffca726a000 	C:\WINDOWS\System32\COMDLG32.dll
0x00007ffca7440000 - 0x00007ffca7795000 	C:\WINDOWS\System32\combase.dll
0x00007ffca8d70000 - 0x00007ffca8e1e000 	C:\WINDOWS\System32\shcore.dll
0x00007ffca7b20000 - 0x00007ffca7b75000 	C:\WINDOWS\System32\SHLWAPI.dll
0x00007ffca7860000 - 0x00007ffca792d000 	C:\WINDOWS\System32\OLEAUT32.dll
0x00007ffca8bc0000 - 0x00007ffca8cea000 	C:\WINDOWS\System32\ole32.dll
0x00007ffca6920000 - 0x00007ffca6980000 	C:\WINDOWS\System32\WINTRUST.dll
0x00007ffca67c0000 - 0x00007ffca691f000 	C:\WINDOWS\System32\CRYPT32.dll
0x00007ffc7a180000 - 0x00007ffc7a291000 	D:\APPZ\Vivado\2020.2\lib\win64.o\libboost_regex.dll
0x00007ffc98c00000 - 0x00007ffc98c10000 	D:\APPZ\Vivado\2020.2\lib\win64.o\libboost_date_time.dll
0x00007ffc705c0000 - 0x00007ffc7092e000 	D:\APPZ\Vivado\2020.2\lib\win64.o\libCOIN-all.dll
0x00007ffc883d0000 - 0x00007ffc883ee000 	D:\APPZ\Vivado\2020.2\lib\win64.o\libboost_thread.dll
0x00007ffc81dd0000 - 0x00007ffc81e43000 	D:\APPZ\Vivado\2020.2\lib\win64.o\libboost_program_options.dll
0x00007ffc98570000 - 0x00007ffc9857c000 	D:\APPZ\Vivado\2020.2\lib\win64.o\libboost_xilinx.dll
0x00007ffc80f70000 - 0x00007ffc81015000 	D:\APPZ\Vivado\2020.2\lib\win64.o\libhdxml.dll
0x00007ffc7bb00000 - 0x00007ffc7bb82000 	D:\APPZ\Vivado\2020.2\lib\win64.o\libhdlpsolve.dll
0x00007ffc85440000 - 0x00007ffc85468000 	D:\APPZ\Vivado\2020.2\lib\win64.o\libisl_sysinfo.dll
0x00007ffc7b470000 - 0x00007ffc7b4d5000 	D:\APPZ\Vivado\2020.2\lib\win64.o\liblmx6.0.dll
0x00007ffc86840000 - 0x00007ffc8685a000 	D:\APPZ\Vivado\2020.2\lib\win64.o\pthreadVC2.dll
0x00007ffc858a0000 - 0x00007ffc858bc000 	D:\APPZ\Vivado\2020.2\lib\win64.o\librdiconfig.dll
0x00007ffc80670000 - 0x00007ffc80691000 	D:\APPZ\Vivado\2020.2\lib\win64.o\librdizlib.dll
0x00007ffc97d70000 - 0x00007ffc97d88000 	C:\WINDOWS\SYSTEM32\NETAPI32.dll
0x00007ffc8feb0000 - 0x00007ffc9038d000 	C:\WINDOWS\SYSTEM32\WININET.dll
0x00007ffc9b7e0000 - 0x00007ffc9b8ec000 	C:\WINDOWS\SYSTEM32\WINHTTP.dll
0x00007ffc9bdc0000 - 0x00007ffc9bfae000 	C:\WINDOWS\SYSTEM32\urlmon.dll
0x0000000012000000 - 0x0000000012270000 	D:\APPZ\Vivado\2020.2\lib\win64.o\xerces-c_3_1.dll
0x00007ffc8d570000 - 0x00007ffc8d579000 	C:\WINDOWS\SYSTEM32\WSOCK32.dll
0x00007ffc8cf40000 - 0x00007ffc8cf68000 	C:\WINDOWS\SYSTEM32\VCOMP140.DLL
0x00007ffc97f00000 - 0x00007ffc97fb0000 	C:\WINDOWS\WinSxS\amd64_microsoft.windows.common-controls_6595b64144ccf1df_5.82.19041.844_none_423537bff6b9828c\COMCTL32.dll
0x00007ffc9f510000 - 0x00007ffc9f52d000 	C:\WINDOWS\SYSTEM32\dhcpcsvc.DLL
0x00007ffc8cdd0000 - 0x00007ffc8cddc000 	D:\APPZ\Vivado\2020.2\lib\win64.o\libboost_chrono.dll
0x00007ffc9c9c0000 - 0x00007ffc9cc70000 	C:\WINDOWS\SYSTEM32\iertutil.dll
0x00007ffc62e30000 - 0x00007ffc64d47000 	D:\APPZ\Vivado\2020.2\lib\win64.o\gurobi90.dll
0x00007ffca8e30000 - 0x00007ffca8e86000 	C:\WINDOWS\System32\WLDAP32.dll
0x00007ffca8b80000 - 0x00007ffca8b88000 	C:\WINDOWS\System32\Normaliz.dll
0x00007ffc68310000 - 0x00007ffc69102600 	D:\APPZ\Vivado\2020.2\lib\win64.o\libisl_iostreams.dll
0x00007ffca55e0000 - 0x00007ffca55ec000 	C:\WINDOWS\SYSTEM32\NETUTILS.DLL
0x00007ffca5760000 - 0x00007ffca57ca000 	C:\WINDOWS\SYSTEM32\MSWSOCK.DLL
0x00007ffc83ef0000 - 0x00007ffc83f06000 	D:\APPZ\Vivado\2020.2\lib\win64.o\libboost_iostreams.dll
0x00007ffc7be30000 - 0x00007ffc7be53000 	D:\APPZ\Vivado\2020.2\lib\win64.o\libisl_iosutils.dll
0x00007ffca8b90000 - 0x00007ffca8bc0000 	C:\WINDOWS\System32\IMM32.DLL
0x00007ffca5e30000 - 0x00007ffca5e42000 	C:\WINDOWS\SYSTEM32\MSASN1.dll
0x00007ffca38a0000 - 0x00007ffca38b2000 	C:\WINDOWS\SYSTEM32\kernel.appcore.dll
0x00007ffc6d2e0000 - 0x00007ffc6d802000 	D:\APPZ\Vivado\2020.2\lib\win64.o\librdi_commontasks.dll
0x00007ffc9f500000 - 0x00007ffc9f50a000 	C:\WINDOWS\SYSTEM32\VERSION.dll
0x00007ffc6eae0000 - 0x00007ffc6edb5000 	D:\APPZ\Vivado\2020.2\lib\win64.o\librdi_sio.dll
0x00007ffca5480000 - 0x00007ffca54bb000 	C:\WINDOWS\SYSTEM32\IPHLPAPI.DLL
0x00007ffc66e30000 - 0x00007ffc67953000 	D:\APPZ\Vivado\2020.2\tps\win64\jre11.0.2\bin\server\jvm.dll
0x00007ffca8e20000 - 0x00007ffca8e28000 	C:\WINDOWS\System32\PSAPI.DLL
0x00007ffc9bb30000 - 0x00007ffc9bb57000 	C:\WINDOWS\SYSTEM32\WINMM.dll
0x00007ffca3ba0000 - 0x00007ffca4330000 	C:\WINDOWS\SYSTEM32\windows.storage.dll
0x00007ffca58e0000 - 0x00007ffca590c000 	C:\WINDOWS\SYSTEM32\Wldp.dll
0x00007ffc60370000 - 0x00007ffc62e2e000 	D:\APPZ\Vivado\2020.2\lib\win64.o\librdi_tcltasks.dll
0x00007ffc81050000 - 0x00007ffc810ce000 	D:\APPZ\Vivado\2020.2\lib\win64.o\librdi_boarddep.dll
0x00007ffc6fe20000 - 0x00007ffc6ffd3000 	D:\APPZ\Vivado\2020.2\lib\win64.o\librdi_board.dll
0x00007ffc76e30000 - 0x00007ffc76f26000 	D:\APPZ\Vivado\2020.2\lib\win64.o\librdi_chipscope.dll
0x00007ffc67e60000 - 0x00007ffc68306000 	D:\APPZ\Vivado\2020.2\lib\win64.o\librdi_bitstream.dll
0x00007ffc6fb00000 - 0x00007ffc6fcea000 	D:\APPZ\Vivado\2020.2\lib\win64.o\librdi_chipscopeimpl.dll
0x00007ffc6f270000 - 0x00007ffc6f3d1000 	D:\APPZ\Vivado\2020.2\lib\win64.o\librdi_containers.dll
0x00007ffc5fc50000 - 0x00007ffc60368000 	D:\APPZ\Vivado\2020.2\lib\win64.o\librdi_coregenipxact.dll
0x00007ffc53240000 - 0x00007ffc5506c000 	D:\APPZ\Vivado\2020.2\lib\win64.o\librdi_constraints.dll
0x00007ffc50e80000 - 0x00007ffc5323d000 	D:\APPZ\Vivado\2020.2\lib\win64.o\librdi_coregen.dll
0x00007ffc4f110000 - 0x00007ffc50e71000 	D:\APPZ\Vivado\2020.2\lib\win64.o\librdi_designutils.dll
0x00007ffc6e0e0000 - 0x00007ffc6e448000 	D:\APPZ\Vivado\2020.2\lib\win64.o\librdi_dlyest.dll
0x00007ffc36b30000 - 0x00007ffc4f10f000 	D:\APPZ\Vivado\2020.2\lib\win64.o\librdi_device.dll
0x00007ffc71820000 - 0x00007ffc718d3000 	D:\APPZ\Vivado\2020.2\lib\win64.o\librdi_dsp.dll
0x00007ffc5f5f0000 - 0x00007ffc5fc4d000 	D:\APPZ\Vivado\2020.2\lib\win64.o\librdi_drc.dll
0x00007ffc7b400000 - 0x00007ffc7b46b000 	D:\APPZ\Vivado\2020.2\lib\win64.o\librdi_hdf.dll
0x00007ffc67b40000 - 0x00007ffc67e5d000 	D:\APPZ\Vivado\2020.2\lib\win64.o\librdi_guitools.dll
0x00007ffc66840000 - 0x00007ffc66ab7000 	D:\APPZ\Vivado\2020.2\lib\win64.o\librdi_hip_devdesign.dll
0x00007ffc36460000 - 0x00007ffc36b22000 	D:\APPZ\Vivado\2020.2\lib\win64.o\librdi_filemgmt.dll
0x00007ffc6e990000 - 0x00007ffc6ead7000 	D:\APPZ\Vivado\2020.2\lib\win64.o\librdi_hip_perf_analysis.dll
0x00007ffc7a340000 - 0x00007ffc7a3b2000 	D:\APPZ\Vivado\2020.2\lib\win64.o\librdi_memoryarray.dll
0x00007ffc34230000 - 0x00007ffc35e04000 	D:\APPZ\Vivado\2020.2\lib\win64.o\librdi_implflow.dll
0x00007ffc35e10000 - 0x00007ffc3645c000 	D:\APPZ\Vivado\2020.2\lib\win64.o\librdi_memdata.dll
0x00007ffc33b00000 - 0x00007ffc3422c000 	D:\APPZ\Vivado\2020.2\lib\win64.o\librdi_netlist.dll
0x00007ffc7a9b0000 - 0x00007ffc7aa04000 	D:\APPZ\Vivado\2020.2\lib\win64.o\librdi_pfi.dll
0x00007ffc316b0000 - 0x00007ffc33af4000 	D:\APPZ\Vivado\2020.2\lib\win64.o\librdi_mig.dll
0x00007ffc65c70000 - 0x00007ffc6600e000 	D:\APPZ\Vivado\2020.2\lib\win64.o\librdi_platform.dll
0x00007ffc30e90000 - 0x00007ffc316a7000 	D:\APPZ\Vivado\2020.2\lib\win64.o\librdi_power.dll
0x00007ffc30810000 - 0x00007ffc30e84000 	D:\APPZ\Vivado\2020.2\lib\win64.o\librdi_project.dll
0x00007ffc300e0000 - 0x00007ffc30802000 	D:\APPZ\Vivado\2020.2\lib\win64.o\librdi_psta.dll
0x00007ffc2ced0000 - 0x00007ffc300d7000 	D:\APPZ\Vivado\2020.2\lib\win64.o\librdi_place.dll
0x00007ffc2c6c0000 - 0x00007ffc2cecc000 	D:\APPZ\Vivado\2020.2\lib\win64.o\librdi_rsb.dll
0x00007ffc6db90000 - 0x00007ffc6dc99000 	D:\APPZ\Vivado\2020.2\lib\win64.o\librdi_runsbase.dll
0x00007ffc5f370000 - 0x00007ffc5f5e4000 	D:\APPZ\Vivado\2020.2\lib\win64.o\librdi_simdata.dll
0x00007ffc2c190000 - 0x00007ffc2c6bb000 	D:\APPZ\Vivado\2020.2\lib\win64.o\librdi_runs.dll
0x00007ffc6d1c0000 - 0x00007ffc6d2d6000 	D:\APPZ\Vivado\2020.2\lib\win64.o\librdi_xhub.dll
0x00007ffc6f1c0000 - 0x00007ffc6f267000 	D:\APPZ\Vivado\2020.2\lib\win64.o\librdi_xhubtasks.dll
0x00007ffc5f180000 - 0x00007ffc5f36b000 	D:\APPZ\Vivado\2020.2\lib\win64.o\librdi_advchipscopeimpl.dll
0x00007ffc2b200000 - 0x00007ffc2c181000 	D:\APPZ\Vivado\2020.2\lib\win64.o\librdi_timing.dll
0x00007ffc79590000 - 0x00007ffc795d6000 	D:\APPZ\Vivado\2020.2\lib\win64.o\libboost_graph.dll
0x00007ffc76de0000 - 0x00007ffc76e27000 	D:\APPZ\Vivado\2020.2\lib\win64.o\libboost_serialization.dll
0x00007ffc73100000 - 0x00007ffc7316a000 	D:\APPZ\Vivado\2020.2\lib\win64.o\librdi_noc_frameworks.dll
0x00007ffc6d0d0000 - 0x00007ffc6d1bb000 	D:\APPZ\Vivado\2020.2\lib\win64.o\librdi_ipconfig_readwrite.dll
0x00007ffc66d60000 - 0x00007ffc66e26000 	D:\APPZ\Vivado\2020.2\lib\win64.o\librdi_bda.dll
0x00007ffc2aa90000 - 0x00007ffc2b1f7000 	D:\APPZ\Vivado\2020.2\lib\win64.o\librdi_ippcw.dll
0x00007ffc2a790000 - 0x00007ffc2aa8b000 	D:\APPZ\Vivado\2020.2\lib\win64.o\librdi_hip_config.dll
0x00007ffc2a240000 - 0x00007ffc2a78e000 	D:\APPZ\Vivado\2020.2\lib\win64.o\librdi_xdm.dll

dbghelp: loaded successfully - version: 4.0.5 - missing functions: none
symbol engine: initialized successfully - sym options: 0x614 - pdb path: .;D:\APPZ\Vivado\2020.2\bin\unwrapped\win64.o;C:\WINDOWS\SYSTEM32;D:\APPZ\Vivado\2020.2\lib\win64.o;C:\WINDOWS\WinSxS\amd64_microsoft.windows.common-controls_6595b64144ccf1df_5.82.19041.844_none_423537bff6b9828c;D:\APPZ\Vivado\2020.2\tps\win64\jre11.0.2\bin\server;D:\APPZ\Vivado\2020.2\tps\win64\python-3.8.3;D:\APPZ\Vivado\2020.2\tps\win64\jre11.0.2\bin;C:\WINDOWS\WinSxS\amd64_microsoft.windows.common-controls_6595b64144ccf1df_6.0.19041.844_none_ca00b6081b84eb1d;C:\Program Files (x86)\Samsung\Easy Printer Manager\SmartScreenPrint

VM Arguments:
jvm_args: -Dsun.java2d.pmoffscreen=false -Dhttps.protocols=TLSv1,TLSv1.1,TLSv1.2 -Dsun.java2d.xrender=false -Dsun.java2d.d3d=false -Dsun.awt.nopixfmt=true -Dsun.java2d.dpiaware=true -Dsun.java2d.uiScale.enabled=false -Xverify:none -Dswing.aatext=true -XX:-UsePerfData -Djdk.map.althashing.threshold=512 -XX:StringTableSize=4072 --add-opens=java.base/java.nio=ALL-UNNAMED --add-opens=java.desktop/sun.swing=ALL-UNNAMED --add-opens=java.desktop/javax.swing=ALL-UNNAMED --add-opens=java.desktop/javax.swing.tree=ALL-UNNAMED --add-opens=java.desktop/javax.swing.plaf.basic=ALL-UNNAMED --add-opens=java.desktop/javax.swing.plaf.synth=ALL-UNNAMED --add-opens=java.desktop/com.sun.awt=ALL-UNNAMED -XX:NewSize=60m -XX:MaxNewSize=60m -Xms128m -Xmx3072m -Xss5m 
java_command: <unknown>
java_class_path (initial): D:/APPZ/Vivado/2020.2\lib\classes\alloy.jar;D:/APPZ/Vivado/2020.2\lib\classes\ArchiveSummary.jar;D:/APPZ/Vivado/2020.2\lib\classes\autoesl-models.jar;D:/APPZ/Vivado/2020.2\lib\classes\autopilot.scelaborator.jar;D:/APPZ/Vivado/2020.2\lib\classes\autopilot.sourceprocessor.jar;D:/APPZ/Vivado/2020.2\lib\classes\autopilot.tbprocessor.jar;D:/APPZ/Vivado/2020.2\lib\classes\batik-anim.jar;D:/APPZ/Vivado/2020.2\lib\classes\batik-awt-util.jar;D:/APPZ/Vivado/2020.2\lib\classes\batik-bridge.jar;D:/APPZ/Vivado/2020.2\lib\classes\batik-codec.jar;D:/APPZ/Vivado/2020.2\lib\classes\batik-css.jar;D:/APPZ/Vivado/2020.2\lib\classes\batik-dom.jar;D:/APPZ/Vivado/2020.2\lib\classes\batik-ext.jar;D:/APPZ/Vivado/2020.2\lib\classes\batik-gui-util.jar;D:/APPZ/Vivado/2020.2\lib\classes\batik-gvt.jar;D:/APPZ/Vivado/2020.2\lib\classes\batik-parser.jar;D:/APPZ/Vivado/2020.2\lib\classes\batik-script.jar;D:/APPZ/Vivado/2020.2\lib\classes\batik-svg-dom.jar;D:/APPZ/Vivado/2020.2\lib\classes\batik-swing.jar;D:/APPZ/Vivado/2020.2\lib\classes\batik-transcoder.jar;D:/APPZ/Vivado/2020.2\lib\classes\batik-util.jar;D:/APPZ/Vivado/2020.2\lib\classes\batik-xml.jar;D:/APPZ/Vivado/2020.2\lib\classes\com.google.gson_2.8.2.v20180104-1110.jar;D:/APPZ/Vivado/2020.2\lib\classes\com.google.guava_27.1.0.v20190517-1946.jar;D:/APPZ/Vivado/2020.2\lib\classes\com.ibm.icu_4.4.2.v20110208.jar;D:/APPZ/Vivado/2020.2\lib\classes\com.sigasi.hdt.connection_4.9.0.202009050929.jar;D:/APPZ/Vivado/2020.2\lib\classes\com.sigasi.hdt.epl_4.9.0.202009050929.jar;D:/APPZ/Vivado/2020.2\lib\classes\com.sigasi.hdt.project_4.9.0.202009050929.jar;D:/APPZ/Vivado/2020.2\lib\classes\com.sigasi.hdt.readonlyfilesystem_4.9.0.202009050929.jar;D:/APPZ/Vivado/2020.2\lib\classes\com.sigasi.lcm_4.9.0.202009050929.jar;D:/APPZ/Vivado/2020.2\lib\classes\com.sigasi.sdk.client_4.9.0.202009050929.jar;D:/APPZ/Vivado/2020.2\lib\classes\com.xilinx.hls.services.jar;D:/APPZ/Vivado/2020.2\lib\classes\commons-collections4-4.1.jar;D:/APPZ/
Launcher Type: generic

[Global flags]
     bool BytecodeVerificationLocal                = false                                     {product} {command line}
     bool BytecodeVerificationRemote               = false                                     {product} {command line}
     intx CICompilerCount                          = 3                                         {product} {ergonomic}
     uint ConcGCThreads                            = 1                                         {product} {ergonomic}
     uint G1ConcRefinementThreads                  = 4                                         {product} {ergonomic}
   size_t G1HeapRegionSize                         = 1048576                                   {product} {ergonomic}
    uintx GCDrainStackTargetSize                   = 64                                        {product} {ergonomic}
   size_t InitialHeapSize                          = 134217728                                 {product} {command line}
   size_t MarkStackSize                            = 4194304                                   {product} {ergonomic}
   size_t MaxHeapSize                              = 3221225472                                {product} {command line}
   size_t MaxNewSize                               = 62914560                                  {product} {command line}
   size_t MinHeapDeltaBytes                        = 1048576                                   {product} {ergonomic}
   size_t NewSize                                  = 62914560                                  {product} {command line}
    uintx NonNMethodCodeHeapSize                   = 5830092                                {pd product} {ergonomic}
    uintx NonProfiledCodeHeapSize                  = 122914074                              {pd product} {ergonomic}
    uintx ProfiledCodeHeapSize                     = 122914074                              {pd product} {ergonomic}
    uintx ReservedCodeCacheSize                    = 251658240                              {pd product} {ergonomic}
     bool SegmentedCodeCache                       = true                                      {product} {ergonomic}
    uintx StringTableSize                          = 4072                                      {product} {command line}
     intx ThreadStackSize                          = 5120                                   {pd product} {command line}
     bool UseCompressedClassPointers               = true                                 {lp64_product} {ergonomic}
     bool UseCompressedOops                        = true                                 {lp64_product} {ergonomic}
     bool UseG1GC                                  = true                                      {product} {ergonomic}
     bool UseLargePagesIndividualAllocation        = false                                  {pd product} {ergonomic}
     bool UsePerfData                              = false                                     {product} {command line}

Logging:
Log output configuration:
 #0: stdout all=warning uptime,level,tags
 #1: stderr all=off uptime,level,tags

Environment Variables:
PATH=D:/APPZ/Vivado/2020.2/bin;D:/APPZ/Vivado/2020.2/tps/win64/javafx-sdk-11.0.2/lib;D:/APPZ/Vivado/2020.2/tps/win64/javafx-sdk-11.0.2/bin;D:/APPZ/Vivado/2020.2/lib/win64.o;D:/APPZ/Vivado/2020.2/tps/win64/jre11.0.2/bin/server;D:/APPZ/Vivado/2020.2/tps/win64/jre11.0.2/bin;D:/APPZ/Vivado/2020.2/ids_lite/ISE/bin/nt64;D:/APPZ/Vivado/2020.2/ids_lite/ISE/lib/nt64;D:/APPZ/Vitis_HLS/2020.2/bin;C:\Program Files (x86)\NVIDIA Corporation\PhysX\Common;C:\Program Files (x86)\Common Files\Oracle\Java\javapath;C:\WINDOWS\system32;C:\WINDOWS;C:\WINDOWS\System32\Wbem;C:\WINDOWS\System32\WindowsPowerShell\v1.0\;C:\WINDOWS\System32\OpenSSH\;C:\Program Files (x86)\Windows Kits\8.1\Windows Performance Toolkit\;C:\Program Files\MATLAB\R2020a\runtime\win64;C:\Program Files\MATLAB\R2020a\bin;C:\Program Files\Microsoft SQL Server\Client SDK\ODBC\110\Tools\Binn\;C:\Program Files (x86)\Microsoft SQL Server\120\Tools\Binn\;C:\Program Files\Microsoft SQL Server\120\Tools\Binn\;C:\Program Files\Microsoft SQL Server\120\DTS\Binn\;C:\Program Files\Git\cmd;C:\Users\Jakub\AppData\Local\Programs\Python\Python39\Scripts\;C:\Users\Jakub\AppData\Local\Programs\Python\Python39\;C:\Users\Jakub\AppData\Local\Microsoft\WindowsApps;D:/APPZ/Vivado/2020.2\tps\mingw\6.2.0\win64.o\nt\bin;D:/APPZ/Vivado/2020.2\tps\mingw\6.2.0\win64.o\nt\libexec\gcc\x86_64-w64-mingw32\6.2.0;D:/APPZ/Vivado/2020.2\tps\win64\python-3.8.3;D:/APPZ/Vivado/2020.2\tps\win64\python-3.8.3\bin;D:/APPZ/Vivado/2020.2\tps\win64\python-3.8.3\lib;D:/APPZ/Vivado/2020.2\tps\win64\python-3.8.3\lib\site-packages
USERNAME=Jakub
OS=Windows_NT
PROCESSOR_IDENTIFIER=AMD64 Family 23 Model 17 Stepping 0, AuthenticAMD



---------------  S Y S T E M  ---------------

OS: Windows 10 , 64 bit Build 19041 (10.0.19041.804)

CPU:total 4 (initial active 4) (4 cores per cpu, 1 threads per core) family 23 model 17 stepping 0, cmov, cx8, fxsr, mmx, sse, sse2, sse3, ssse3, sse4.1, sse4.2, popcnt, avx, avx2, aes, clmul, mmxext, 3dnowpref, lzcnt, sse4a, tsc, tscinvbit, tscinv, bmi1, bmi2, adx, sha, fma

Memory: 4k page, system-wide physical 7116M (3096M free)
TotalPageFile size 12748M (AvailPageFile size 7344M)
current process WorkingSet (physical memory assigned to process): 743M, peak: 1016M
current process commit charge ("private bytes"): 733M, peak: 985M

vm_info: OpenJDK 64-Bit Server VM (11.0.2+9) for windows-amd64 JRE (11.0.2+9), built on Jan 18 2019 05:23:22 by "mach5one" with MS VC++ 15.5 (VS2017)

END.
