#-----------------------------------------------------------
# Vivado v2020.2 (64-bit)
# SW Build 3064766 on Wed Nov 18 09:12:45 MST 2020
# IP Build 3064653 on Wed Nov 18 14:17:31 MST 2020
# Start of session at: Tue Mar 30 23:18:35 2021
# Process ID: 10168
# Current directory: C:/Users/Jakub/Desktop/Skola/VUT/druhak/2/DE1/Cp/Digital-electronics-1/Labs/07-fss/flip_flops
# Command line: vivado.exe -gui_launcher_event rodinguilauncherevent5416 C:\Users\Jakub\Desktop\Skola\VUT\druhak\2\DE1\Cp\Digital-electronics-1\Labs\07-fss\flip_flops\flip_flops.xpr
# Log file: C:/Users/Jakub/Desktop/Skola/VUT/druhak/2/DE1/Cp/Digital-electronics-1/Labs/07-fss/flip_flops/vivado.log
# Journal file: C:/Users/Jakub/Desktop/Skola/VUT/druhak/2/DE1/Cp/Digital-electronics-1/Labs/07-fss/flip_flops\vivado.jou
#-----------------------------------------------------------
start_gui
open_project C:/Users/Jakub/Desktop/Skola/VUT/druhak/2/DE1/Cp/Digital-electronics-1/Labs/07-fss/flip_flops/flip_flops.xpr
INFO: [ProjectBase 1-489] The host OS only allows 260 characters in a normal path. The project is stored in a path with more than 80 characters. If you experience issues with IP, Block Designs, or files not being found, please consider moving the project to a location with a shorter path. Alternately consider using the OS subst command to map part of the path to a drive letter.
Current project path is 'C:/Users/Jakub/Desktop/Skola/VUT/druhak/2/DE1/Cp/Digital-electronics-1/Labs/07-fss/flip_flops'
WARNING: [filemgmt 56-3] Default IP Output Path : Could not find the directory 'C:/Users/Jakub/Desktop/Skola/VUT/druhak/2/DE1/Cp/Digital-electronics-1/Labs/07-fss/flip_flops/flip_flops.gen/sources_1'.
Scanning sources...
Finished scanning sources
INFO: [IP_Flow 19-234] Refreshing IP repositories
INFO: [IP_Flow 19-1704] No user IP repositories specified
INFO: [IP_Flow 19-2313] Loaded Vivado IP repository 'D:/APPZ/Vivado/2020.2/data/ip'.
update_compile_order -fileset sources_1
launch_simulation
Command: launch_simulation 
INFO: [Vivado 12-5682] Launching behavioral simulation in 'C:/Users/Jakub/Desktop/Skola/VUT/druhak/2/DE1/Cp/Digital-electronics-1/Labs/07-fss/flip_flops/flip_flops.sim/sim_1/behav/xsim'
INFO: [SIM-utils-51] Simulation object is 'sim_1'
INFO: [SIM-utils-54] Inspecting design source files for 'tb_d_ff_arst' in fileset 'sim_1'...
INFO: [USF-XSim-97] Finding global include files...
INFO: [USF-XSim-98] Fetching design files from 'sim_1'...
INFO: [USF-XSim-2] XSim::Compile design
INFO: [USF-XSim-61] Executing 'COMPILE and ANALYZE' step in 'C:/Users/Jakub/Desktop/Skola/VUT/druhak/2/DE1/Cp/Digital-electronics-1/Labs/07-fss/flip_flops/flip_flops.sim/sim_1/behav/xsim'
"xvhdl --incr --relax -prj tb_d_ff_arst_vhdl.prj"
INFO: [VRFC 10-163] Analyzing VHDL file "C:/Users/Jakub/Desktop/Skola/VUT/druhak/2/DE1/Cp/Digital-electronics-1/Labs/07-fss/flip_flops/flip_flops.srcs/sources_1/new/d_ff_arst.vhd" into library xil_defaultlib
INFO: [VRFC 10-3107] analyzing entity 'd_ff_arst'
ERROR: [VRFC 10-4982] syntax error near ')' [C:/Users/Jakub/Desktop/Skola/VUT/druhak/2/DE1/Cp/Digital-electronics-1/Labs/07-fss/flip_flops/flip_flops.srcs/sources_1/new/d_ff_arst.vhd:41]
ERROR: [VRFC 10-3782] unit 'd_ff_arst' ignored due to previous errors [C:/Users/Jakub/Desktop/Skola/VUT/druhak/2/DE1/Cp/Digital-electronics-1/Labs/07-fss/flip_flops/flip_flops.srcs/sources_1/new/d_ff_arst.vhd:34]
INFO: [VRFC 10-3070] VHDL file 'C:/Users/Jakub/Desktop/Skola/VUT/druhak/2/DE1/Cp/Digital-electronics-1/Labs/07-fss/flip_flops/flip_flops.srcs/sources_1/new/d_ff_arst.vhd' ignored due to errors
INFO: [USF-XSim-69] 'compile' step finished in '1' seconds
INFO: [USF-XSim-99] Step results log file:'C:/Users/Jakub/Desktop/Skola/VUT/druhak/2/DE1/Cp/Digital-electronics-1/Labs/07-fss/flip_flops/flip_flops.sim/sim_1/behav/xsim/xvhdl.log'
ERROR: [USF-XSim-62] 'compile' step failed with error(s). Please check the Tcl console output or 'C:/Users/Jakub/Desktop/Skola/VUT/druhak/2/DE1/Cp/Digital-electronics-1/Labs/07-fss/flip_flops/flip_flops.sim/sim_1/behav/xsim/xvhdl.log' file for more information.
ERROR: [Vivado 12-4473] Detected error while running simulation. Please correct the issue and retry this operation.
ERROR: [Common 17-39] 'launch_simulation' failed due to earlier errors.
launch_simulation
Command: launch_simulation 
INFO: [Vivado 12-5682] Launching behavioral simulation in 'C:/Users/Jakub/Desktop/Skola/VUT/druhak/2/DE1/Cp/Digital-electronics-1/Labs/07-fss/flip_flops/flip_flops.sim/sim_1/behav/xsim'
INFO: [SIM-utils-51] Simulation object is 'sim_1'
INFO: [SIM-utils-54] Inspecting design source files for 'tb_d_ff_arst' in fileset 'sim_1'...
INFO: [USF-XSim-97] Finding global include files...
INFO: [USF-XSim-98] Fetching design files from 'sim_1'...
INFO: [USF-XSim-2] XSim::Compile design
INFO: [USF-XSim-61] Executing 'COMPILE and ANALYZE' step in 'C:/Users/Jakub/Desktop/Skola/VUT/druhak/2/DE1/Cp/Digital-electronics-1/Labs/07-fss/flip_flops/flip_flops.sim/sim_1/behav/xsim'
"xvhdl --incr --relax -prj tb_d_ff_arst_vhdl.prj"
INFO: [VRFC 10-163] Analyzing VHDL file "C:/Users/Jakub/Desktop/Skola/VUT/druhak/2/DE1/Cp/Digital-electronics-1/Labs/07-fss/flip_flops/flip_flops.srcs/sources_1/new/d_ff_arst.vhd" into library xil_defaultlib
INFO: [VRFC 10-3107] analyzing entity 'd_ff_arst'
INFO: [VRFC 10-163] Analyzing VHDL file "C:/Users/Jakub/Desktop/Skola/VUT/druhak/2/DE1/Cp/Digital-electronics-1/Labs/07-fss/flip_flops/flip_flops.srcs/sim_1/new/tb_d_ff_arst.vhd" into library xil_defaultlib
INFO: [VRFC 10-3107] analyzing entity 'tb_d_ff_arst'
INFO: [USF-XSim-69] 'compile' step finished in '2' seconds
INFO: [USF-XSim-3] XSim::Elaborate design
INFO: [USF-XSim-61] Executing 'ELABORATE' step in 'C:/Users/Jakub/Desktop/Skola/VUT/druhak/2/DE1/Cp/Digital-electronics-1/Labs/07-fss/flip_flops/flip_flops.sim/sim_1/behav/xsim'
"xelab -wto 6aa519cb91bc4dee8ac1a70f7ddc91c5 --incr --debug typical --relax --mt 2 -L xil_defaultlib -L secureip --snapshot tb_d_ff_arst_behav xil_defaultlib.tb_d_ff_arst -log elaborate.log"
Vivado Simulator 2020.2
Copyright 1986-1999, 2001-2020 Xilinx, Inc. All Rights Reserved.
Running: D:/APPZ/Vivado/2020.2/bin/unwrapped/win64.o/xelab.exe -wto 6aa519cb91bc4dee8ac1a70f7ddc91c5 --incr --debug typical --relax --mt 2 -L xil_defaultlib -L secureip --snapshot tb_d_ff_arst_behav xil_defaultlib.tb_d_ff_arst -log elaborate.log 
Using 2 slave threads.
Starting static elaboration
Completed static elaboration
Starting simulation data flow analysis
Completed simulation data flow analysis
Time Resolution for simulation is 1ps
Compiling package std.standard
Compiling package std.textio
Compiling package ieee.std_logic_1164
Compiling architecture behavioral of entity xil_defaultlib.d_ff_arst [d_ff_arst_default]
Compiling architecture behavioral of entity xil_defaultlib.tb_d_ff_arst
Built simulation snapshot tb_d_ff_arst_behav

****** Webtalk v2020.2 (64-bit)
  **** SW Build 3064766 on Wed Nov 18 09:12:45 MST 2020
  **** IP Build 3064653 on Wed Nov 18 14:17:31 MST 2020
    ** Copyright 1986-2020 Xilinx, Inc. All Rights Reserved.

source C:/Users/Jakub/Desktop/Skola/VUT/druhak/2/DE1/Cp/Digital-electronics-1/Labs/07-fss/flip_flops/flip_flops.sim/sim_1/behav/xsim/xsim.dir/tb_d_ff_arst_behav/webtalk/xsim_webtalk.tcl -notrace
INFO: [Common 17-186] 'C:/Users/Jakub/Desktop/Skola/VUT/druhak/2/DE1/Cp/Digital-electronics-1/Labs/07-fss/flip_flops/flip_flops.sim/sim_1/behav/xsim/xsim.dir/tb_d_ff_arst_behav/webtalk/usage_statistics_ext_xsim.xml' has been successfully sent to Xilinx on Tue Mar 30 23:21:07 2021. For additional details about this file, please refer to the WebTalk help file at D:/APPZ/Vivado/2020.2/doc/webtalk_introduction.html.
INFO: [Common 17-206] Exiting Webtalk at Tue Mar 30 23:21:07 2021...
run_program: Time (s): cpu = 00:00:00 ; elapsed = 00:00:08 . Memory (MB): peak = 1005.621 ; gain = 0.000
INFO: [USF-XSim-69] 'elaborate' step finished in '8' seconds
INFO: [USF-XSim-4] XSim::Simulate design
INFO: [USF-XSim-61] Executing 'SIMULATE' step in 'C:/Users/Jakub/Desktop/Skola/VUT/druhak/2/DE1/Cp/Digital-electronics-1/Labs/07-fss/flip_flops/flip_flops.sim/sim_1/behav/xsim'
INFO: [USF-XSim-98] *** Running xsim
   with args "tb_d_ff_arst_behav -key {Behavioral:sim_1:Functional:tb_d_ff_arst} -tclbatch {tb_d_ff_arst.tcl} -log {simulate.log}"
INFO: [USF-XSim-8] Loading simulator feature
Vivado Simulator 2020.2
Time resolution is 1 ps
source tb_d_ff_arst.tcl
# set curr_wave [current_wave_config]
# if { [string length $curr_wave] == 0 } {
#   if { [llength [get_objects]] > 0} {
#     add_wave /
#     set_property needs_save false [current_wave_config]
#   } else {
#      send_msg_id Add_Wave-1 WARNING "No top level signals found. Simulator will start without a wave window. If you want to open a wave window go to 'File->New Waveform Configuration' or type 'create_wave_config' in the TCL console."
#   }
# }
# run 1000ns
Note: Stimulus process started
Time: 0 ps  Iteration: 0  Process: /tb_d_ff_arst/p_stimulus  File: C:/Users/Jakub/Desktop/Skola/VUT/druhak/2/DE1/Cp/Digital-electronics-1/Labs/07-fss/flip_flops/flip_flops.srcs/sim_1/new/tb_d_ff_arst.vhd
Note: Stimulus process finished
Time: 128 ns  Iteration: 0  Process: /tb_d_ff_arst/p_stimulus  File: C:/Users/Jakub/Desktop/Skola/VUT/druhak/2/DE1/Cp/Digital-electronics-1/Labs/07-fss/flip_flops/flip_flops.srcs/sim_1/new/tb_d_ff_arst.vhd
INFO: [USF-XSim-96] XSim completed. Design snapshot 'tb_d_ff_arst_behav' loaded.
INFO: [USF-XSim-97] XSim simulation ran for 1000ns
launch_simulation: Time (s): cpu = 00:00:06 ; elapsed = 00:00:14 . Memory (MB): peak = 1005.621 ; gain = 0.000
close_sim
INFO: [Simtcl 6-16] Simulation closed
close_sim: Time (s): cpu = 00:00:02 ; elapsed = 00:00:09 . Memory (MB): peak = 1005.621 ; gain = 0.000
close [ open C:/Users/Jakub/Desktop/Skola/VUT/druhak/2/DE1/Cp/Digital-electronics-1/Labs/07-fss/flip_flops/flip_flops.srcs/sources_1/new/jk_ff_rst.vhd w ]
add_files C:/Users/Jakub/Desktop/Skola/VUT/druhak/2/DE1/Cp/Digital-electronics-1/Labs/07-fss/flip_flops/flip_flops.srcs/sources_1/new/jk_ff_rst.vhd
update_compile_order -fileset sources_1
